# JRE version: OpenJDK Runtime Environment (11.0.13) (build 11.0.13+0-b1751.21-8125866)
# Java VM: OpenJDK 64-Bit Server VM (11.0.13+0-b1751.21-8125866, mixed mode, tiered, compressed oops, g1 gc, windows-amd64)
Heap:
 garbage-first heap   total 155648K, used 100811K [0x0000000080000000, 0x0000000100000000)
  region size 1024K, 72 young (73728K), 4 survivors (4096K)
 Metaspace       used 48542K, capacity 49919K, committed 50000K, reserved 1093632K
  class space    used 6114K, capacity 6612K, committed 6656K, reserved 1048576K
GC Heap History (14 events):
Event: 0.605 GC heap before
{Heap before GC invocations=0 (full 0):
 garbage-first heap   total 129024K, used 29696K [0x0000000080000000, 0x0000000100000000)
  region size 1024K, 24 young (24576K), 0 survivors (0K)
 Metaspace       used 10202K, capacity 10425K, committed 10624K, reserved 1058816K
  class space    used 1051K, capacity 1139K, committed 1152K, reserved 1048576K
}
Event: 0.610 GC heap after
{Heap after GC invocations=1 (full 0):
 garbage-first heap   total 129024K, used 9397K [0x0000000080000000, 0x0000000100000000)
  region size 1024K, 3 young (3072K), 3 survivors (3072K)
 Metaspace       used 10202K, capacity 10425K, committed 10624K, reserved 1058816K
  class space    used 1051K, capacity 1139K, committed 1152K, reserved 1048576K
}
Event: 2.080 GC heap before
{Heap before GC invocations=1 (full 0):
 garbage-first heap   total 129024K, used 83125K [0x0000000080000000, 0x0000000100000000)
  region size 1024K, 75 young (76800K), 3 survivors (3072K)
 Metaspace       used 17582K, capacity 17977K, committed 18176K, reserved 1064960K
  class space    used 2049K, capacity 2211K, committed 2304K, reserved 1048576K
}
Event: 2.086 GC heap after
{Heap after GC invocations=2 (full 0):
 garbage-first heap   total 129024K, used 15945K [0x0000000080000000, 0x0000000100000000)
  region size 1024K, 10 young (10240K), 10 survivors (10240K)
 Metaspace       used 17582K, capacity 17977K, committed 18176K, reserved 1064960K
  class space    used 2049K, capacity 2211K, committed 2304K, reserved 1048576K
}
Event: 2.397 GC heap before
{Heap before GC invocations=2 (full 0):
 garbage-first heap   total 129024K, used 44617K [0x0000000080000000, 0x0000000100000000)
  region size 1024K, 39 young (39936K), 10 survivors (10240K)
 Metaspace       used 20776K, capacity 21185K, committed 21296K, reserved 1069056K
  class space    used 2528K, capacity 2684K, committed 2688K, reserved 1048576K
}
Event: 2.405 GC heap after
{Heap after GC invocations=3 (full 0):
 garbage-first heap   total 129024K, used 16938K [0x0000000080000000, 0x0000000100000000)
  region size 1024K, 2 young (2048K), 2 survivors (2048K)
 Metaspace       used 20776K, capacity 21185K, committed 21296K, reserved 1069056K
  class space    used 2528K, capacity 2684K, committed 2688K, reserved 1048576K
}
Event: 3.075 GC heap before
{Heap before GC invocations=4 (full 0):
 garbage-first heap   total 129024K, used 79402K [0x0000000080000000, 0x0000000100000000)
  region size 1024K, 63 young (64512K), 2 survivors (2048K)
 Metaspace       used 27282K, capacity 27915K, committed 28080K, reserved 1073152K
  class space    used 3533K, capacity 3747K, committed 3840K, reserved 1048576K
}
Event: 3.079 GC heap after
{Heap after GC invocations=5 (full 0):
 garbage-first heap   total 129024K, used 19097K [0x0000000080000000, 0x0000000100000000)
  region size 1024K, 4 young (4096K), 4 survivors (4096K)
 Metaspace       used 27282K, capacity 27915K, committed 28080K, reserved 1073152K
  class space    used 3533K, capacity 3747K, committed 3840K, reserved 1048576K
}
Event: 3.649 GC heap before
{Heap before GC invocations=5 (full 0):
 garbage-first heap   total 129024K, used 67225K [0x0000000080000000, 0x0000000100000000)
  region size 1024K, 52 young (53248K), 4 survivors (4096K)
 Metaspace       used 35037K, capacity 35808K, committed 35920K, reserved 1081344K
  class space    used 4480K, capacity 4783K, committed 4864K, reserved 1048576K
}
Event: 3.657 GC heap after
{Heap after GC invocations=6 (full 0):
 garbage-first heap   total 129024K, used 22232K [0x0000000080000000, 0x0000000100000000)
  region size 1024K, 7 young (7168K), 7 survivors (7168K)
 Metaspace       used 35037K, capacity 35808K, committed 35920K, reserved 1081344K
  class space    used 4480K, capacity 4783K, committed 4864K, reserved 1048576K
}
Event: 4.233 GC heap before
{Heap before GC invocations=7 (full 0):
 garbage-first heap   total 129024K, used 91864K [0x0000000080000000, 0x0000000100000000)
  region size 1024K, 73 young (74752K), 7 survivors (7168K)
 Metaspace       used 40167K, capacity 41160K, committed 41424K, reserved 1085440K
  class space    used 5059K, capacity 5412K, committed 5504K, reserved 1048576K
}
Event: 4.241 GC heap after
{Heap after GC invocations=8 (full 0):
 garbage-first heap   total 129024K, used 27593K [0x0000000080000000, 0x0000000100000000)
  region size 1024K, 9 young (9216K), 9 survivors (9216K)
 Metaspace       used 40167K, capacity 41160K, committed 41424K, reserved 1085440K
  class space    used 5059K, capacity 5412K, committed 5504K, reserved 1048576K
}
Event: 4.742 GC heap before
{Heap before GC invocations=8 (full 0):
 garbage-first heap   total 129024K, used 94153K [0x0000000080000000, 0x0000000100000000)
  region size 1024K, 73 young (74752K), 9 survivors (9216K)
 Metaspace       used 45739K, capacity 46934K, committed 47056K, reserved 1089536K
  class space    used 5806K, capacity 6220K, committed 6272K, reserved 1048576K
}
Event: 4.751 GC heap after
{Heap after GC invocations=9 (full 0):
 garbage-first heap   total 155648K, used 30155K [0x0000000080000000, 0x0000000100000000)
  region size 1024K, 4 young (4096K), 4 survivors (4096K)
 Metaspace       used 45739K, capacity 46934K, committed 47056K, reserved 1089536K
  class space    used 5806K, capacity 6220K, committed 6272K, reserved 1048576K
}

