# JRE version: OpenJDK Runtime Environment (11.0.13) (build 11.0.13+0-b1751.21-8125866)
# Java VM: OpenJDK 64-Bit Server VM (11.0.13+0-b1751.21-8125866, mixed mode, tiered, compressed oops, g1 gc, windows-amd64)
Heap:
 garbage-first heap   total 155648K, used 84756K [0x0000000080000000, 0x0000000100000000)
  region size 1024K, 36 young (36864K), 3 survivors (3072K)
 Metaspace       used 62155K, capacity 63778K, committed 63900K, reserved 1105920K
  class space    used 7802K, capacity 8395K, committed 8472K, reserved 1048576K
GC Heap History (20 events):
Event: 0.736 GC heap before
{Heap before GC invocations=0 (full 0):
 garbage-first heap   total 129024K, used 29696K [0x0000000080000000, 0x0000000100000000)
  region size 1024K, 24 young (24576K), 0 survivors (0K)
 Metaspace       used 10206K, capacity 10425K, committed 10624K, reserved 1058816K
  class space    used 1051K, capacity 1139K, committed 1152K, reserved 1048576K
}
Event: 0.744 GC heap after
{Heap after GC invocations=1 (full 0):
 garbage-first heap   total 129024K, used 9571K [0x0000000080000000, 0x0000000100000000)
  region size 1024K, 3 young (3072K), 3 survivors (3072K)
 Metaspace       used 10206K, capacity 10425K, committed 10624K, reserved 1058816K
  class space    used 1051K, capacity 1139K, committed 1152K, reserved 1048576K
}
Event: 2.165 GC heap before
{Heap before GC invocations=1 (full 0):
 garbage-first heap   total 129024K, used 83299K [0x0000000080000000, 0x0000000100000000)
  region size 1024K, 75 young (76800K), 3 survivors (3072K)
 Metaspace       used 17565K, capacity 17977K, committed 18176K, reserved 1064960K
  class space    used 2052K, capacity 2211K, committed 2304K, reserved 1048576K
}
Event: 2.170 GC heap after
{Heap after GC invocations=2 (full 0):
 garbage-first heap   total 129024K, used 16187K [0x0000000080000000, 0x0000000100000000)
  region size 1024K, 10 young (10240K), 10 survivors (10240K)
 Metaspace       used 17565K, capacity 17977K, committed 18176K, reserved 1064960K
  class space    used 2052K, capacity 2211K, committed 2304K, reserved 1048576K
}
Event: 2.420 GC heap before
{Heap before GC invocations=2 (full 0):
 garbage-first heap   total 129024K, used 45883K [0x0000000080000000, 0x0000000100000000)
  region size 1024K, 40 young (40960K), 10 survivors (10240K)
 Metaspace       used 20759K, capacity 21191K, committed 21296K, reserved 1069056K
  class space    used 2529K, capacity 2686K, committed 2688K, reserved 1048576K
}
Event: 2.426 GC heap after
{Heap after GC invocations=3 (full 0):
 garbage-first heap   total 129024K, used 17688K [0x0000000080000000, 0x0000000100000000)
  region size 1024K, 2 young (2048K), 2 survivors (2048K)
 Metaspace       used 20759K, capacity 21191K, committed 21296K, reserved 1069056K
  class space    used 2529K, capacity 2686K, committed 2688K, reserved 1048576K
}
Event: 2.982 GC heap before
{Heap before GC invocations=4 (full 0):
 garbage-first heap   total 129024K, used 77080K [0x0000000080000000, 0x0000000100000000)
  region size 1024K, 61 young (62464K), 2 survivors (2048K)
 Metaspace       used 27005K, capacity 27632K, committed 27772K, reserved 1073152K
  class space    used 3491K, capacity 3737K, committed 3788K, reserved 1048576K
}
Event: 2.985 GC heap after
{Heap after GC invocations=5 (full 0):
 garbage-first heap   total 129024K, used 19657K [0x0000000080000000, 0x0000000100000000)
  region size 1024K, 4 young (4096K), 4 survivors (4096K)
 Metaspace       used 27005K, capacity 27632K, committed 27772K, reserved 1073152K
  class space    used 3491K, capacity 3737K, committed 3788K, reserved 1048576K
}
Event: 3.613 GC heap before
{Heap before GC invocations=5 (full 0):
 garbage-first heap   total 129024K, used 71881K [0x0000000080000000, 0x0000000100000000)
  region size 1024K, 56 young (57344K), 4 survivors (4096K)
 Metaspace       used 35115K, capacity 35898K, committed 35964K, reserved 1081344K
  class space    used 4496K, capacity 4792K, committed 4812K, reserved 1048576K
}
Event: 3.621 GC heap after
{Heap after GC invocations=6 (full 0):
 garbage-first heap   total 129024K, used 22901K [0x0000000080000000, 0x0000000100000000)
  region size 1024K, 7 young (7168K), 7 survivors (7168K)
 Metaspace       used 35115K, capacity 35898K, committed 35964K, reserved 1081344K
  class space    used 4496K, capacity 4792K, committed 4812K, reserved 1048576K
}
Event: 4.439 GC heap before
{Heap before GC invocations=7 (full 0):
 garbage-first heap   total 129024K, used 92533K [0x0000000080000000, 0x0000000100000000)
  region size 1024K, 73 young (74752K), 7 survivors (7168K)
 Metaspace       used 40156K, capacity 41160K, committed 41212K, reserved 1085440K
  class space    used 5061K, capacity 5412K, committed 5452K, reserved 1048576K
}
Event: 4.449 GC heap after
{Heap after GC invocations=8 (full 0):
 garbage-first heap   total 129024K, used 28306K [0x0000000080000000, 0x0000000100000000)
  region size 1024K, 9 young (9216K), 9 survivors (9216K)
 Metaspace       used 40156K, capacity 41160K, committed 41212K, reserved 1085440K
  class space    used 5061K, capacity 5412K, committed 5452K, reserved 1048576K
}
Event: 5.070 GC heap before
{Heap before GC invocations=8 (full 0):
 garbage-first heap   total 129024K, used 93842K [0x0000000080000000, 0x0000000100000000)
  region size 1024K, 72 young (73728K), 9 survivors (9216K)
 Metaspace       used 45676K, capacity 46859K, committed 47100K, reserved 1089536K
  class space    used 5800K, capacity 6216K, committed 6220K, reserved 1048576K
}
Event: 5.079 GC heap after
{Heap after GC invocations=9 (full 0):
 garbage-first heap   total 155648K, used 31211K [0x0000000080000000, 0x0000000100000000)
  region size 1024K, 4 young (4096K), 4 survivors (4096K)
 Metaspace       used 45676K, capacity 46859K, committed 47100K, reserved 1089536K
  class space    used 5800K, capacity 6216K, committed 6220K, reserved 1048576K
}
Event: 6.047 GC heap before
{Heap before GC invocations=9 (full 0):
 garbage-first heap   total 155648K, used 118251K [0x0000000080000000, 0x0000000100000000)
  region size 1024K, 82 young (83968K), 4 survivors (4096K)
 Metaspace       used 48844K, capacity 50285K, committed 50428K, reserved 1093632K
  class space    used 6179K, capacity 6670K, committed 6732K, reserved 1048576K
}
Event: 6.054 GC heap after
{Heap after GC invocations=10 (full 0):
 garbage-first heap   total 155648K, used 49632K [0x0000000080000000, 0x0000000100000000)
  region size 1024K, 11 young (11264K), 11 survivors (11264K)
 Metaspace       used 48844K, capacity 50285K, committed 50428K, reserved 1093632K
  class space    used 6179K, capacity 6670K, committed 6732K, reserved 1048576K
}
Event: 6.877 GC heap before
{Heap before GC invocations=10 (full 0):
 garbage-first heap   total 155648K, used 116192K [0x0000000080000000, 0x0000000100000000)
  region size 1024K, 76 young (77824K), 11 survivors (11264K)
 Metaspace       used 57616K, capacity 59184K, committed 59260K, reserved 1101824K
  class space    used 7244K, capacity 7828K, committed 7884K, reserved 1048576K
}
Event: 6.885 GC heap after
{Heap after GC invocations=11 (full 0):
 garbage-first heap   total 155648K, used 53252K [0x0000000080000000, 0x0000000100000000)
  region size 1024K, 4 young (4096K), 4 survivors (4096K)
 Metaspace       used 57616K, capacity 59184K, committed 59260K, reserved 1101824K
  class space    used 7244K, capacity 7828K, committed 7884K, reserved 1048576K
}
Event: 6.973 GC heap before
{Heap before GC invocations=11 (full 0):
 garbage-first heap   total 155648K, used 58372K [0x0000000080000000, 0x0000000100000000)
  region size 1024K, 10 young (10240K), 4 survivors (4096K)
 Metaspace       used 58749K, capacity 60314K, committed 60368K, reserved 1101824K
  class space    used 7402K, capacity 7993K, committed 8012K, reserved 1048576K
}
Event: 6.977 GC heap after
{Heap after GC invocations=12 (full 0):
 garbage-first heap   total 155648K, used 53012K [0x0000000080000000, 0x0000000100000000)
  region size 1024K, 3 young (3072K), 3 survivors (3072K)
 Metaspace       used 58749K, capacity 60314K, committed 60368K, reserved 1101824K
  class space    used 7402K, capacity 7993K, committed 8012K, reserved 1048576K
}

