# JRE version: OpenJDK Runtime Environment (11.0.13) (build 11.0.13+0-b1751.21-8125866)
# Java VM: OpenJDK 64-Bit Server VM (11.0.13+0-b1751.21-8125866, mixed mode, tiered, compressed oops, g1 gc, windows-amd64)
Heap:
 garbage-first heap   total 528384K, used 224781K [0x0000000080000000, 0x0000000100000000)
  region size 1024K, 3 young (3072K), 3 survivors (3072K)
 Metaspace       used 97461K, capacity 99946K, committed 100124K, reserved 1136640K
  class space    used 12678K, capacity 13622K, committed 13720K, reserved 1048576K
GC Heap History (20 events):
Event: 12.114 GC heap after
{Heap after GC invocations=23 (full 0):
 garbage-first heap   total 187392K, used 87453K [0x0000000080000000, 0x0000000100000000)
  region size 1024K, 9 young (9216K), 9 survivors (9216K)
 Metaspace       used 86566K, capacity 88964K, committed 89116K, reserved 1126400K
  class space    used 11227K, capacity 12154K, committed 12184K, reserved 1048576K
}
Event: 12.481 GC heap before
{Heap before GC invocations=23 (full 0):
 garbage-first heap   total 187392K, used 146845K [0x0000000080000000, 0x0000000100000000)
  region size 1024K, 68 young (69632K), 9 survivors (9216K)
 Metaspace       used 88558K, capacity 91064K, committed 91420K, reserved 1128448K
  class space    used 11403K, capacity 12314K, committed 12440K, reserved 1048576K
}
Event: 12.490 GC heap after
{Heap after GC invocations=24 (full 0):
 garbage-first heap   total 187392K, used 91524K [0x0000000080000000, 0x0000000100000000)
  region size 1024K, 5 young (5120K), 5 survivors (5120K)
 Metaspace       used 88558K, capacity 91064K, committed 91420K, reserved 1128448K
  class space    used 11403K, capacity 12314K, committed 12440K, reserved 1048576K
}
Event: 12.708 GC heap before
{Heap before GC invocations=24 (full 0):
 garbage-first heap   total 187392K, used 148868K [0x0000000080000000, 0x0000000100000000)
  region size 1024K, 62 young (63488K), 5 survivors (5120K)
 Metaspace       used 89788K, capacity 92246K, committed 92316K, reserved 1128448K
  class space    used 11565K, capacity 12515K, committed 12568K, reserved 1048576K
}
Event: 12.716 GC heap after
{Heap after GC invocations=25 (full 0):
 garbage-first heap   total 225280K, used 93724K [0x0000000080000000, 0x0000000100000000)
  region size 1024K, 7 young (7168K), 7 survivors (7168K)
 Metaspace       used 89788K, capacity 92246K, committed 92316K, reserved 1128448K
  class space    used 11565K, capacity 12515K, committed 12568K, reserved 1048576K
}
Event: 12.943 GC heap before
{Heap before GC invocations=26 (full 0):
 garbage-first heap   total 225280K, used 146972K [0x0000000080000000, 0x0000000100000000)
  region size 1024K, 38 young (38912K), 7 survivors (7168K)
 Metaspace       used 90718K, capacity 93071K, committed 93724K, reserved 1130496K
  class space    used 11631K, capacity 12482K, committed 12696K, reserved 1048576K
}
Event: 12.953 GC heap after
{Heap after GC invocations=27 (full 0):
 garbage-first heap   total 225280K, used 123867K [0x0000000080000000, 0x0000000100000000)
  region size 1024K, 10 young (10240K), 10 survivors (10240K)
 Metaspace       used 90718K, capacity 93071K, committed 93724K, reserved 1130496K
  class space    used 11631K, capacity 12482K, committed 12696K, reserved 1048576K
}
Event: 13.283 GC heap before
{Heap before GC invocations=28 (full 0):
 garbage-first heap   total 225280K, used 155611K [0x0000000080000000, 0x0000000100000000)
  region size 1024K, 40 young (40960K), 10 survivors (10240K)
 Metaspace       used 94676K, capacity 96950K, committed 97564K, reserved 1134592K
  class space    used 12145K, capacity 12989K, committed 13208K, reserved 1048576K
}
Event: 13.292 GC heap after
{Heap after GC invocations=29 (full 0):
 garbage-first heap   total 225280K, used 129989K [0x0000000080000000, 0x0000000100000000)
  region size 1024K, 4 young (4096K), 4 survivors (4096K)
 Metaspace       used 94676K, capacity 96950K, committed 97564K, reserved 1134592K
  class space    used 12145K, capacity 12989K, committed 13208K, reserved 1048576K
}
Event: 13.388 GC heap before
{Heap before GC invocations=29 (full 0):
 garbage-first heap   total 225280K, used 223173K [0x0000000080000000, 0x0000000100000000)
  region size 1024K, 27 young (27648K), 4 survivors (4096K)
 Metaspace       used 94924K, capacity 97208K, committed 97820K, reserved 1134592K
  class space    used 12178K, capacity 13035K, committed 13208K, reserved 1048576K
}
Event: 13.396 GC heap after
{Heap after GC invocations=30 (full 0):
 garbage-first heap   total 236544K, used 163986K [0x0000000080000000, 0x0000000100000000)
  region size 1024K, 8 young (8192K), 8 survivors (8192K)
 Metaspace       used 94924K, capacity 97208K, committed 97820K, reserved 1134592K
  class space    used 12178K, capacity 13035K, committed 13208K, reserved 1048576K
}
Event: 13.533 GC heap before
{Heap before GC invocations=31 (full 0):
 garbage-first heap   total 236544K, used 177298K [0x0000000080000000, 0x0000000100000000)
  region size 1024K, 23 young (23552K), 8 survivors (8192K)
 Metaspace       used 95028K, capacity 97433K, committed 98204K, reserved 1134592K
  class space    used 12184K, capacity 13067K, committed 13336K, reserved 1048576K
}
Event: 13.557 GC heap after
{Heap after GC invocations=32 (full 0):
 garbage-first heap   total 284672K, used 171107K [0x0000000080000000, 0x0000000100000000)
  region size 1024K, 6 young (6144K), 6 survivors (6144K)
 Metaspace       used 95028K, capacity 97433K, committed 98204K, reserved 1134592K
  class space    used 12184K, capacity 13067K, committed 13336K, reserved 1048576K
}
Event: 13.815 GC heap before
{Heap before GC invocations=33 (full 0):
 garbage-first heap   total 284672K, used 217187K [0x0000000080000000, 0x0000000100000000)
  region size 1024K, 48 young (49152K), 6 survivors (6144K)
 Metaspace       used 95097K, capacity 97511K, committed 98204K, reserved 1134592K
  class space    used 12194K, capacity 13072K, committed 13336K, reserved 1048576K
}
Event: 13.844 GC heap after
{Heap after GC invocations=34 (full 0):
 garbage-first heap   total 284672K, used 192380K [0x0000000080000000, 0x0000000100000000)
  region size 1024K, 6 young (6144K), 6 survivors (6144K)
 Metaspace       used 95097K, capacity 97511K, committed 98204K, reserved 1134592K
  class space    used 12194K, capacity 13072K, committed 13336K, reserved 1048576K
}
Event: 13.914 GC heap before
{Heap before GC invocations=34 (full 0):
 garbage-first heap   total 284672K, used 209788K [0x0000000080000000, 0x0000000100000000)
  region size 1024K, 25 young (25600K), 6 survivors (6144K)
 Metaspace       used 95098K, capacity 97511K, committed 98204K, reserved 1134592K
  class space    used 12194K, capacity 13072K, committed 13336K, reserved 1048576K
}
Event: 13.939 GC heap after
{Heap after GC invocations=35 (full 0):
 garbage-first heap   total 284672K, used 200960K [0x0000000080000000, 0x0000000100000000)
  region size 1024K, 5 young (5120K), 5 survivors (5120K)
 Metaspace       used 95098K, capacity 97511K, committed 98204K, reserved 1134592K
  class space    used 12194K, capacity 13072K, committed 13336K, reserved 1048576K
}
Event: 14.239 GC heap before
{Heap before GC invocations=35 (full 0):
 garbage-first heap   total 284672K, used 226304K [0x0000000080000000, 0x0000000100000000)
  region size 1024K, 30 young (30720K), 5 survivors (5120K)
 Metaspace       used 97419K, capacity 99946K, committed 100124K, reserved 1136640K
  class space    used 12678K, capacity 13622K, committed 13720K, reserved 1048576K
}
Event: 14.265 GC heap after
{Heap after GC invocations=36 (full 0):
 garbage-first heap   total 284672K, used 212473K [0x0000000080000000, 0x0000000100000000)
  region size 1024K, 4 young (4096K), 4 survivors (4096K)
 Metaspace       used 97419K, capacity 99946K, committed 100124K, reserved 1136640K
  class space    used 12678K, capacity 13622K, committed 13720K, reserved 1048576K
}
Event: 14.339 GC heap before
{Heap before GC invocations=37 (full 0):
 garbage-first heap   total 284672K, used 232953K [0x0000000080000000, 0x0000000100000000)
  region size 1024K, 24 young (24576K), 4 survivors (4096K)
 Metaspace       used 97461K, capacity 99946K, committed 100124K, reserved 1136640K
  class space    used 12678K, capacity 13622K, committed 13720K, reserved 1048576K
}

