# JRE version: OpenJDK Runtime Environment (11.0.13) (build 11.0.13+0-b1751.21-8125866)
# Java VM: OpenJDK 64-Bit Server VM (11.0.13+0-b1751.21-8125866, mixed mode, tiered, compressed oops, g1 gc, windows-amd64)
Heap:
 garbage-first heap   total 187392K, used 91269K [0x0000000080000000, 0x0000000100000000)
  region size 1024K, 35 young (35840K), 4 survivors (4096K)
 Metaspace       used 67867K, capacity 69633K, committed 69788K, reserved 1110016K
  class space    used 8527K, capacity 9202K, committed 9240K, reserved 1048576K
GC Heap History (20 events):
Event: 2.280 GC heap before
{Heap before GC invocations=3 (full 0):
 garbage-first heap   total 129024K, used 45697K [0x0000000080000000, 0x0000000100000000)
  region size 1024K, 37 young (37888K), 7 survivors (7168K)
 Metaspace       used 20768K, capacity 21191K, committed 21296K, reserved 1069056K
  class space    used 2525K, capacity 2686K, committed 2688K, reserved 1048576K
}
Event: 2.286 GC heap after
{Heap after GC invocations=4 (full 0):
 garbage-first heap   total 129024K, used 17254K [0x0000000080000000, 0x0000000100000000)
  region size 1024K, 2 young (2048K), 2 survivors (2048K)
 Metaspace       used 20768K, capacity 21191K, committed 21296K, reserved 1069056K
  class space    used 2525K, capacity 2686K, committed 2688K, reserved 1048576K
}
Event: 2.813 GC heap before
{Heap before GC invocations=5 (full 0):
 garbage-first heap   total 129024K, used 73574K [0x0000000080000000, 0x0000000100000000)
  region size 1024K, 57 young (58368K), 2 survivors (2048K)
 Metaspace       used 26782K, capacity 27370K, committed 27516K, reserved 1073152K
  class space    used 3453K, capacity 3671K, committed 3788K, reserved 1048576K
}
Event: 2.816 GC heap after
{Heap after GC invocations=6 (full 0):
 garbage-first heap   total 129024K, used 19230K [0x0000000080000000, 0x0000000100000000)
  region size 1024K, 4 young (4096K), 4 survivors (4096K)
 Metaspace       used 26782K, capacity 27370K, committed 27516K, reserved 1073152K
  class space    used 3453K, capacity 3671K, committed 3788K, reserved 1048576K
}
Event: 3.470 GC heap before
{Heap before GC invocations=6 (full 0):
 garbage-first heap   total 129024K, used 74526K [0x0000000080000000, 0x0000000100000000)
  region size 1024K, 59 young (60416K), 4 survivors (4096K)
 Metaspace       used 35126K, capacity 35898K, committed 35964K, reserved 1081344K
  class space    used 4497K, capacity 4792K, committed 4812K, reserved 1048576K
}
Event: 3.479 GC heap after
{Heap after GC invocations=7 (full 0):
 garbage-first heap   total 129024K, used 22563K [0x0000000080000000, 0x0000000100000000)
  region size 1024K, 7 young (7168K), 7 survivors (7168K)
 Metaspace       used 35126K, capacity 35898K, committed 35964K, reserved 1081344K
  class space    used 4497K, capacity 4792K, committed 4812K, reserved 1048576K
}
Event: 4.154 GC heap before
{Heap before GC invocations=8 (full 0):
 garbage-first heap   total 129024K, used 94243K [0x0000000080000000, 0x0000000100000000)
  region size 1024K, 75 young (76800K), 7 survivors (7168K)
 Metaspace       used 40198K, capacity 41225K, committed 41468K, reserved 1085440K
  class space    used 5066K, capacity 5412K, committed 5452K, reserved 1048576K
}
Event: 4.165 GC heap after
{Heap after GC invocations=9 (full 0):
 garbage-first heap   total 129024K, used 28253K [0x0000000080000000, 0x0000000100000000)
  region size 1024K, 9 young (9216K), 9 survivors (9216K)
 Metaspace       used 40198K, capacity 41225K, committed 41468K, reserved 1085440K
  class space    used 5066K, capacity 5412K, committed 5452K, reserved 1048576K
}
Event: 4.722 GC heap before
{Heap before GC invocations=9 (full 0):
 garbage-first heap   total 129024K, used 93789K [0x0000000080000000, 0x0000000100000000)
  region size 1024K, 72 young (73728K), 9 survivors (9216K)
 Metaspace       used 45858K, capacity 47054K, committed 47228K, reserved 1089536K
  class space    used 5828K, capacity 6260K, committed 6348K, reserved 1048576K
}
Event: 4.731 GC heap after
{Heap after GC invocations=10 (full 0):
 garbage-first heap   total 155648K, used 30451K [0x0000000080000000, 0x0000000100000000)
  region size 1024K, 3 young (3072K), 3 survivors (3072K)
 Metaspace       used 45858K, capacity 47054K, committed 47228K, reserved 1089536K
  class space    used 5828K, capacity 6260K, committed 6348K, reserved 1048576K
}
Event: 5.514 GC heap before
{Heap before GC invocations=10 (full 0):
 garbage-first heap   total 155648K, used 118515K [0x0000000080000000, 0x0000000100000000)
  region size 1024K, 81 young (82944K), 3 survivors (3072K)
 Metaspace       used 48853K, capacity 50243K, committed 50428K, reserved 1093632K
  class space    used 6183K, capacity 6677K, committed 6732K, reserved 1048576K
}
Event: 5.523 GC heap after
{Heap after GC invocations=11 (full 0):
 garbage-first heap   total 155648K, used 49644K [0x0000000080000000, 0x0000000100000000)
  region size 1024K, 11 young (11264K), 11 survivors (11264K)
 Metaspace       used 48853K, capacity 50243K, committed 50428K, reserved 1093632K
  class space    used 6183K, capacity 6677K, committed 6732K, reserved 1048576K
}
Event: 6.280 GC heap before
{Heap before GC invocations=11 (full 0):
 garbage-first heap   total 155648K, used 116204K [0x0000000080000000, 0x0000000100000000)
  region size 1024K, 76 young (77824K), 11 survivors (11264K)
 Metaspace       used 57816K, capacity 59470K, committed 59644K, reserved 1101824K
  class space    used 7290K, capacity 7903K, committed 8012K, reserved 1048576K
}
Event: 6.289 GC heap after
{Heap after GC invocations=12 (full 0):
 garbage-first heap   total 155648K, used 53054K [0x0000000080000000, 0x0000000100000000)
  region size 1024K, 3 young (3072K), 3 survivors (3072K)
 Metaspace       used 57816K, capacity 59470K, committed 59644K, reserved 1101824K
  class space    used 7290K, capacity 7903K, committed 8012K, reserved 1048576K
}
Event: 6.343 GC heap before
{Heap before GC invocations=12 (full 0):
 garbage-first heap   total 155648K, used 55102K [0x0000000080000000, 0x0000000100000000)
  region size 1024K, 6 young (6144K), 3 survivors (3072K)
 Metaspace       used 58746K, capacity 60326K, committed 60368K, reserved 1101824K
  class space    used 7404K, capacity 7998K, committed 8012K, reserved 1048576K
}
Event: 6.350 GC heap after
{Heap after GC invocations=13 (full 0):
 garbage-first heap   total 155648K, used 52964K [0x0000000080000000, 0x0000000100000000)
  region size 1024K, 3 young (3072K), 3 survivors (3072K)
 Metaspace       used 58746K, capacity 60326K, committed 60368K, reserved 1101824K
  class space    used 7404K, capacity 7998K, committed 8012K, reserved 1048576K
}
Event: 6.979 GC heap before
{Heap before GC invocations=14 (full 0):
 garbage-first heap   total 155648K, used 106212K [0x0000000080000000, 0x0000000100000000)
  region size 1024K, 56 young (57344K), 3 survivors (3072K)
 Metaspace       used 63741K, capacity 65359K, committed 65692K, reserved 1105920K
  class space    used 7990K, capacity 8600K, committed 8728K, reserved 1048576K
}
Event: 6.987 GC heap after
{Heap after GC invocations=15 (full 0):
 garbage-first heap   total 155648K, used 57183K [0x0000000080000000, 0x0000000100000000)
  region size 1024K, 7 young (7168K), 7 survivors (7168K)
 Metaspace       used 63741K, capacity 65359K, committed 65692K, reserved 1105920K
  class space    used 7990K, capacity 8600K, committed 8728K, reserved 1048576K
}
Event: 7.639 GC heap before
{Heap before GC invocations=16 (full 0):
 garbage-first heap   total 155648K, used 112479K [0x0000000080000000, 0x0000000100000000)
  region size 1024K, 60 young (61440K), 7 survivors (7168K)
 Metaspace       used 67651K, capacity 69312K, committed 69404K, reserved 1110016K
  class space    used 8488K, capacity 9095K, committed 9112K, reserved 1048576K
}
Event: 7.647 GC heap after
{Heap after GC invocations=17 (full 0):
 garbage-first heap   total 187392K, used 60549K [0x0000000080000000, 0x0000000100000000)
  region size 1024K, 4 young (4096K), 4 survivors (4096K)
 Metaspace       used 67651K, capacity 69312K, committed 69404K, reserved 1110016K
  class space    used 8488K, capacity 9095K, committed 9112K, reserved 1048576K
}

