# JRE version: OpenJDK Runtime Environment (11.0.13) (build 11.0.13+0-b1751.21-8125866)
# Java VM: OpenJDK 64-Bit Server VM (11.0.13+0-b1751.21-8125866, mixed mode, tiered, compressed oops, g1 gc, windows-amd64)
Heap:
 garbage-first heap   total 744448K, used 334336K [0x0000000080000000, 0x0000000100000000)
  region size 1024K, 5 young (5120K), 5 survivors (5120K)
 Metaspace       used 99474K, capacity 101973K, committed 102172K, reserved 1138688K
  class space    used 12888K, capacity 13852K, committed 13976K, reserved 1048576K
GC Heap History (20 events):
Event: 13.448 GC heap after
{Heap after GC invocations=25 (full 0):
 garbage-first heap   total 225280K, used 114181K [0x0000000080000000, 0x0000000100000000)
  region size 1024K, 10 young (10240K), 10 survivors (10240K)
 Metaspace       used 93625K, capacity 96189K, committed 96412K, reserved 1132544K
  class space    used 12038K, capacity 12980K, committed 13080K, reserved 1048576K
}
Event: 13.922 GC heap before
{Heap before GC invocations=26 (full 0):
 garbage-first heap   total 225280K, used 181765K [0x0000000080000000, 0x0000000100000000)
  region size 1024K, 68 young (69632K), 10 survivors (10240K)
 Metaspace       used 96368K, capacity 98774K, committed 99356K, reserved 1134592K
  class space    used 12327K, capacity 13200K, committed 13464K, reserved 1048576K
}
Event: 13.934 GC heap after
{Heap after GC invocations=27 (full 0):
 garbage-first heap   total 225280K, used 132530K [0x0000000080000000, 0x0000000100000000)
  region size 1024K, 10 young (10240K), 10 survivors (10240K)
 Metaspace       used 96368K, capacity 98774K, committed 99356K, reserved 1134592K
  class space    used 12327K, capacity 13200K, committed 13464K, reserved 1048576K
}
Event: 13.983 GC heap before
{Heap before GC invocations=27 (full 0):
 garbage-first heap   total 225280K, used 223666K [0x0000000080000000, 0x0000000100000000)
  region size 1024K, 31 young (31744K), 10 survivors (10240K)
 Metaspace       used 96737K, capacity 99161K, committed 99868K, reserved 1136640K
  class space    used 12373K, capacity 13265K, committed 13464K, reserved 1048576K
}
Event: 14.011 GC heap after
{Heap after GC invocations=28 (full 0):
 garbage-first heap   total 293888K, used 167631K [0x0000000080000000, 0x0000000100000000)
  region size 1024K, 8 young (8192K), 8 survivors (8192K)
 Metaspace       used 96737K, capacity 99161K, committed 99868K, reserved 1136640K
  class space    used 12373K, capacity 13265K, committed 13464K, reserved 1048576K
}
Event: 14.213 GC heap before
{Heap before GC invocations=29 (full 0):
 garbage-first heap   total 293888K, used 185039K [0x0000000080000000, 0x0000000100000000)
  region size 1024K, 26 young (26624K), 8 survivors (8192K)
 Metaspace       used 96965K, capacity 99385K, committed 99868K, reserved 1136640K
  class space    used 12396K, capacity 13278K, committed 13464K, reserved 1048576K
}
Event: 14.227 GC heap after
{Heap after GC invocations=30 (full 0):
 garbage-first heap   total 293888K, used 175716K [0x0000000080000000, 0x0000000100000000)
  region size 1024K, 9 young (9216K), 9 survivors (9216K)
 Metaspace       used 96965K, capacity 99385K, committed 99868K, reserved 1136640K
  class space    used 12396K, capacity 13278K, committed 13464K, reserved 1048576K
}
Event: 14.501 GC heap before
{Heap before GC invocations=31 (full 0):
 garbage-first heap   total 293888K, used 207460K [0x0000000080000000, 0x0000000100000000)
  region size 1024K, 39 young (39936K), 9 survivors (9216K)
 Metaspace       used 97031K, capacity 99387K, committed 99868K, reserved 1136640K
  class space    used 12404K, capacity 13279K, committed 13464K, reserved 1048576K
}
Event: 14.532 GC heap after
{Heap after GC invocations=32 (full 0):
 garbage-first heap   total 293888K, used 190234K [0x0000000080000000, 0x0000000100000000)
  region size 1024K, 8 young (8192K), 8 survivors (8192K)
 Metaspace       used 97031K, capacity 99387K, committed 99868K, reserved 1136640K
  class space    used 12404K, capacity 13279K, committed 13464K, reserved 1048576K
}
Event: 14.947 GC heap before
{Heap before GC invocations=33 (full 0):
 garbage-first heap   total 293888K, used 236314K [0x0000000080000000, 0x0000000100000000)
  region size 1024K, 52 young (53248K), 8 survivors (8192K)
 Metaspace       used 98333K, capacity 100822K, committed 101276K, reserved 1136640K
  class space    used 12734K, capacity 13677K, committed 13848K, reserved 1048576K
}
Event: 14.989 GC heap after
{Heap after GC invocations=34 (full 0):
 garbage-first heap   total 293888K, used 208896K [0x0000000080000000, 0x0000000100000000)
  region size 1024K, 7 young (7168K), 7 survivors (7168K)
 Metaspace       used 98333K, capacity 100822K, committed 101276K, reserved 1136640K
  class space    used 12734K, capacity 13677K, committed 13848K, reserved 1048576K
}
Event: 15.154 GC heap before
{Heap before GC invocations=34 (full 0):
 garbage-first heap   total 293888K, used 237568K [0x0000000080000000, 0x0000000100000000)
  region size 1024K, 36 young (36864K), 7 survivors (7168K)
 Metaspace       used 99385K, capacity 101893K, committed 102172K, reserved 1138688K
  class space    used 12887K, capacity 13852K, committed 13976K, reserved 1048576K
}
Event: 15.183 GC heap after
{Heap after GC invocations=35 (full 0):
 garbage-first heap   total 427008K, used 223923K [0x0000000080000000, 0x0000000100000000)
  region size 1024K, 5 young (5120K), 5 survivors (5120K)
 Metaspace       used 99385K, capacity 101893K, committed 102172K, reserved 1138688K
  class space    used 12887K, capacity 13852K, committed 13976K, reserved 1048576K
}
Event: 15.405 GC heap before
{Heap before GC invocations=35 (full 0):
 garbage-first heap   total 427008K, used 291507K [0x0000000080000000, 0x0000000100000000)
  region size 1024K, 72 young (73728K), 5 survivors (5120K)
 Metaspace       used 99470K, capacity 101972K, committed 102172K, reserved 1138688K
  class space    used 12888K, capacity 13852K, committed 13976K, reserved 1048576K
}
Event: 15.449 GC heap after
{Heap after GC invocations=36 (full 0):
 garbage-first heap   total 427008K, used 262525K [0x0000000080000000, 0x0000000100000000)
  region size 1024K, 9 young (9216K), 9 survivors (9216K)
 Metaspace       used 99470K, capacity 101972K, committed 102172K, reserved 1138688K
  class space    used 12888K, capacity 13852K, committed 13976K, reserved 1048576K
}
Event: 15.558 GC heap before
{Heap before GC invocations=36 (full 0):
 garbage-first heap   total 427008K, used 313725K [0x0000000080000000, 0x0000000100000000)
  region size 1024K, 61 young (62464K), 9 survivors (9216K)
 Metaspace       used 99473K, capacity 101973K, committed 102172K, reserved 1138688K
  class space    used 12888K, capacity 13852K, committed 13976K, reserved 1048576K
}
Event: 15.594 GC heap after
{Heap after GC invocations=37 (full 0):
 garbage-first heap   total 427008K, used 292352K [0x0000000080000000, 0x0000000100000000)
  region size 1024K, 8 young (8192K), 8 survivors (8192K)
 Metaspace       used 99473K, capacity 101973K, committed 102172K, reserved 1138688K
  class space    used 12888K, capacity 13852K, committed 13976K, reserved 1048576K
}
Event: 15.717 GC heap before
{Heap before GC invocations=37 (full 0):
 garbage-first heap   total 427008K, used 332288K [0x0000000080000000, 0x0000000100000000)
  region size 1024K, 48 young (49152K), 8 survivors (8192K)
 Metaspace       used 99474K, capacity 101973K, committed 102172K, reserved 1138688K
  class space    used 12888K, capacity 13852K, committed 13976K, reserved 1048576K
}
Event: 15.749 GC heap after
{Heap after GC invocations=38 (full 0):
 garbage-first heap   total 427008K, used 315904K [0x0000000080000000, 0x0000000100000000)
  region size 1024K, 6 young (6144K), 6 survivors (6144K)
 Metaspace       used 99474K, capacity 101973K, committed 102172K, reserved 1138688K
  class space    used 12888K, capacity 13852K, committed 13976K, reserved 1048576K
}
Event: 15.814 GC heap before
{Heap before GC invocations=39 (full 0):
 garbage-first heap   total 427008K, used 345600K [0x0000000080000000, 0x0000000100000000)
  region size 1024K, 36 young (36864K), 6 survivors (6144K)
 Metaspace       used 99474K, capacity 101973K, committed 102172K, reserved 1138688K
  class space    used 12888K, capacity 13852K, committed 13976K, reserved 1048576K
}

