# JRE version: OpenJDK Runtime Environment (11.0.13) (build 11.0.13+0-b1751.21-8125866)
# Java VM: OpenJDK 64-Bit Server VM (11.0.13+0-b1751.21-8125866, mixed mode, tiered, compressed oops, g1 gc, windows-amd64)
Heap:
 garbage-first heap   total 439296K, used 243009K [0x0000000080000000, 0x0000000100000000)
  region size 1024K, 3 young (3072K), 3 survivors (3072K)
 Metaspace       used 99426K, capacity 101953K, committed 102172K, reserved 1138688K
  class space    used 12898K, capacity 13869K, committed 13976K, reserved 1048576K
GC Heap History (20 events):
Event: 14.116 GC heap after
{Heap after GC invocations=24 (full 0):
 garbage-first heap   total 187392K, used 89370K [0x0000000080000000, 0x0000000100000000)
  region size 1024K, 7 young (7168K), 7 survivors (7168K)
 Metaspace       used 92727K, capacity 95212K, committed 95516K, reserved 1132544K
  class space    used 11954K, capacity 12874K, committed 12952K, reserved 1048576K
}
Event: 14.777 GC heap before
{Heap before GC invocations=24 (full 0):
 garbage-first heap   total 187392K, used 150810K [0x0000000080000000, 0x0000000100000000)
  region size 1024K, 68 young (69632K), 7 survivors (7168K)
 Metaspace       used 93174K, capacity 95651K, committed 95772K, reserved 1132544K
  class space    used 11989K, capacity 12918K, committed 12952K, reserved 1048576K
}
Event: 14.787 GC heap after
{Heap after GC invocations=25 (full 0):
 garbage-first heap   total 225280K, used 92639K [0x0000000080000000, 0x0000000100000000)
  region size 1024K, 8 young (8192K), 8 survivors (8192K)
 Metaspace       used 93174K, capacity 95651K, committed 95772K, reserved 1132544K
  class space    used 11989K, capacity 12918K, committed 12952K, reserved 1048576K
}
Event: 14.929 GC heap before
{Heap before GC invocations=25 (full 0):
 garbage-first heap   total 225280K, used 122335K [0x0000000080000000, 0x0000000100000000)
  region size 1024K, 24 young (24576K), 8 survivors (8192K)
 Metaspace       used 93472K, capacity 95914K, committed 96028K, reserved 1132544K
  class space    used 12011K, capacity 12930K, committed 12952K, reserved 1048576K
}
Event: 14.942 GC heap after
{Heap after GC invocations=26 (full 0):
 garbage-first heap   total 225280K, used 111462K [0x0000000080000000, 0x0000000100000000)
  region size 1024K, 7 young (7168K), 7 survivors (7168K)
 Metaspace       used 93472K, capacity 95914K, committed 96028K, reserved 1132544K
  class space    used 12011K, capacity 12930K, committed 12952K, reserved 1048576K
}
Event: 15.410 GC heap before
{Heap before GC invocations=27 (full 0):
 garbage-first heap   total 225280K, used 180070K [0x0000000080000000, 0x0000000100000000)
  region size 1024K, 65 young (66560K), 7 survivors (7168K)
 Metaspace       used 96506K, capacity 98875K, committed 99356K, reserved 1134592K
  class space    used 12351K, capacity 13232K, committed 13464K, reserved 1048576K
}
Event: 15.422 GC heap after
{Heap after GC invocations=28 (full 0):
 garbage-first heap   total 225280K, used 130014K [0x0000000080000000, 0x0000000100000000)
  region size 1024K, 10 young (10240K), 10 survivors (10240K)
 Metaspace       used 96506K, capacity 98875K, committed 99356K, reserved 1134592K
  class space    used 12351K, capacity 13232K, committed 13464K, reserved 1048576K
}
Event: 15.555 GC heap before
{Heap before GC invocations=28 (full 0):
 garbage-first heap   total 225280K, used 224222K [0x0000000080000000, 0x0000000100000000)
  region size 1024K, 34 young (34816K), 10 survivors (10240K)
 Metaspace       used 96842K, capacity 99171K, committed 99612K, reserved 1136640K
  class space    used 12386K, capacity 13266K, committed 13464K, reserved 1048576K
}
Event: 15.567 GC heap after
{Heap after GC invocations=29 (full 0):
 garbage-first heap   total 244736K, used 164319K [0x0000000080000000, 0x0000000100000000)
  region size 1024K, 9 young (9216K), 9 survivors (9216K)
 Metaspace       used 96842K, capacity 99171K, committed 99612K, reserved 1136640K
  class space    used 12386K, capacity 13266K, committed 13464K, reserved 1048576K
}
Event: 15.818 GC heap before
{Heap before GC invocations=30 (full 0):
 garbage-first heap   total 244736K, used 177631K [0x0000000080000000, 0x0000000100000000)
  region size 1024K, 23 young (23552K), 9 survivors (9216K)
 Metaspace       used 96938K, capacity 99326K, committed 99868K, reserved 1136640K
  class space    used 12403K, capacity 13278K, committed 13464K, reserved 1048576K
}
Event: 15.831 GC heap after
{Heap after GC invocations=31 (full 0):
 garbage-first heap   total 244736K, used 170948K [0x0000000080000000, 0x0000000100000000)
  region size 1024K, 6 young (6144K), 6 survivors (6144K)
 Metaspace       used 96938K, capacity 99326K, committed 99868K, reserved 1136640K
  class space    used 12403K, capacity 13278K, committed 13464K, reserved 1048576K
}
Event: 16.461 GC heap before
{Heap before GC invocations=32 (full 0):
 garbage-first heap   total 244736K, used 201668K [0x0000000080000000, 0x0000000100000000)
  region size 1024K, 35 young (35840K), 6 survivors (6144K)
 Metaspace       used 96995K, capacity 99430K, committed 99868K, reserved 1136640K
  class space    used 12411K, capacity 13314K, committed 13464K, reserved 1048576K
}
Event: 16.484 GC heap after
{Heap after GC invocations=33 (full 0):
 garbage-first heap   total 293888K, used 186044K [0x0000000080000000, 0x0000000100000000)
  region size 1024K, 5 young (5120K), 5 survivors (5120K)
 Metaspace       used 96995K, capacity 99430K, committed 99868K, reserved 1136640K
  class space    used 12411K, capacity 13314K, committed 13464K, reserved 1048576K
}
Event: 17.112 GC heap before
{Heap before GC invocations=34 (full 0):
 garbage-first heap   total 293888K, used 232124K [0x0000000080000000, 0x0000000100000000)
  region size 1024K, 49 young (50176K), 5 survivors (5120K)
 Metaspace       used 98949K, capacity 101534K, committed 101788K, reserved 1136640K
  class space    used 12867K, capacity 13821K, committed 13848K, reserved 1048576K
}
Event: 17.157 GC heap after
{Heap after GC invocations=35 (full 0):
 garbage-first heap   total 293888K, used 205040K [0x0000000080000000, 0x0000000100000000)
  region size 1024K, 7 young (7168K), 7 survivors (7168K)
 Metaspace       used 98949K, capacity 101534K, committed 101788K, reserved 1136640K
  class space    used 12867K, capacity 13821K, committed 13848K, reserved 1048576K
}
Event: 17.365 GC heap before
{Heap before GC invocations=35 (full 0):
 garbage-first heap   total 293888K, used 235760K [0x0000000080000000, 0x0000000100000000)
  region size 1024K, 38 young (38912K), 7 survivors (7168K)
 Metaspace       used 99374K, capacity 101944K, committed 102172K, reserved 1138688K
  class space    used 12898K, capacity 13869K, committed 13976K, reserved 1048576K
}
Event: 17.398 GC heap after
{Heap after GC invocations=36 (full 0):
 garbage-first heap   total 293888K, used 222116K [0x0000000080000000, 0x0000000100000000)
  region size 1024K, 5 young (5120K), 5 survivors (5120K)
 Metaspace       used 99374K, capacity 101944K, committed 102172K, reserved 1138688K
  class space    used 12898K, capacity 13869K, committed 13976K, reserved 1048576K
}
Event: 17.507 GC heap before
{Heap before GC invocations=36 (full 0):
 garbage-first heap   total 293888K, used 241572K [0x0000000080000000, 0x0000000100000000)
  region size 1024K, 25 young (25600K), 5 survivors (5120K)
 Metaspace       used 99425K, capacity 101953K, committed 102172K, reserved 1138688K
  class space    used 12898K, capacity 13869K, committed 13976K, reserved 1048576K
}
Event: 17.523 GC heap after
{Heap after GC invocations=37 (full 0):
 garbage-first heap   total 293888K, used 233886K [0x0000000080000000, 0x0000000100000000)
  region size 1024K, 4 young (4096K), 4 survivors (4096K)
 Metaspace       used 99425K, capacity 101953K, committed 102172K, reserved 1138688K
  class space    used 12898K, capacity 13869K, committed 13976K, reserved 1048576K
}
Event: 17.581 GC heap before
{Heap before GC invocations=37 (full 0):
 garbage-first heap   total 293888K, used 248222K [0x0000000080000000, 0x0000000100000000)
  region size 1024K, 18 young (18432K), 4 survivors (4096K)
 Metaspace       used 99426K, capacity 101953K, committed 102172K, reserved 1138688K
  class space    used 12898K, capacity 13869K, committed 13976K, reserved 1048576K
}

