# JRE version: OpenJDK Runtime Environment (11.0.13) (build 11.0.13+0-b1751.21-8125866)
# Java VM: OpenJDK 64-Bit Server VM (11.0.13+0-b1751.21-8125866, mixed mode, tiered, compressed oops, g1 gc, windows-amd64)
Heap:
 garbage-first heap   total 645120K, used 257024K [0x0000000080000000, 0x0000000100000000)
  region size 1024K, 4 young (4096K), 4 survivors (4096K)
 Metaspace       used 99655K, capacity 102191K, committed 102428K, reserved 1138688K
  class space    used 12894K, capacity 13856K, committed 13976K, reserved 1048576K
GC Heap History (20 events):
Event: 13.040 GC heap after
{Heap after GC invocations=24 (full 0):
 garbage-first heap   total 187392K, used 94854K [0x0000000080000000, 0x0000000100000000)
  region size 1024K, 6 young (6144K), 6 survivors (6144K)
 Metaspace       used 93588K, capacity 96163K, committed 96284K, reserved 1132544K
  class space    used 12007K, capacity 12929K, committed 12952K, reserved 1048576K
}
Event: 13.492 GC heap before
{Heap before GC invocations=25 (full 0):
 garbage-first heap   total 187392K, used 182918K [0x0000000080000000, 0x0000000100000000)
  region size 1024K, 67 young (68608K), 6 survivors (6144K)
 Metaspace       used 95542K, capacity 97850K, committed 98460K, reserved 1134592K
  class space    used 12202K, capacity 13043K, committed 13336K, reserved 1048576K
}
Event: 13.511 GC heap after
{Heap after GC invocations=26 (full 0):
 garbage-first heap   total 199680K, used 131009K [0x0000000080000000, 0x0000000100000000)
  region size 1024K, 9 young (9216K), 9 survivors (9216K)
 Metaspace       used 95542K, capacity 97850K, committed 98460K, reserved 1134592K
  class space    used 12202K, capacity 13043K, committed 13336K, reserved 1048576K
}
Event: 13.598 GC heap before
{Heap before GC invocations=26 (full 0):
 garbage-first heap   total 199680K, used 139201K [0x0000000080000000, 0x0000000100000000)
  region size 1024K, 18 young (18432K), 9 survivors (9216K)
 Metaspace       used 96716K, capacity 99123K, committed 99612K, reserved 1136640K
  class space    used 12348K, capacity 13227K, committed 13464K, reserved 1048576K
}
Event: 13.610 GC heap after
{Heap after GC invocations=27 (full 0):
 garbage-first heap   total 239616K, used 132434K [0x0000000080000000, 0x0000000100000000)
  region size 1024K, 2 young (2048K), 2 survivors (2048K)
 Metaspace       used 96716K, capacity 99123K, committed 99612K, reserved 1136640K
  class space    used 12348K, capacity 13227K, committed 13464K, reserved 1048576K
}
Event: 13.898 GC heap before
{Heap before GC invocations=28 (full 0):
 garbage-first heap   total 239616K, used 237906K [0x0000000080000000, 0x0000000100000000)
  region size 1024K, 37 young (37888K), 2 survivors (2048K)
 Metaspace       used 97125K, capacity 99542K, committed 99868K, reserved 1136640K
  class space    used 12398K, capacity 13305K, committed 13464K, reserved 1048576K
}
Event: 13.918 GC heap after
{Heap after GC invocations=29 (full 0):
 garbage-first heap   total 254976K, used 172224K [0x0000000080000000, 0x0000000100000000)
  region size 1024K, 6 young (6144K), 6 survivors (6144K)
 Metaspace       used 97125K, capacity 99542K, committed 99868K, reserved 1136640K
  class space    used 12398K, capacity 13305K, committed 13464K, reserved 1048576K
}
Event: 13.933 GC heap before
{Heap before GC invocations=29 (full 0):
 garbage-first heap   total 254976K, used 173248K [0x0000000080000000, 0x0000000100000000)
  region size 1024K, 8 young (8192K), 6 survivors (6144K)
 Metaspace       used 97141K, capacity 99606K, committed 100124K, reserved 1136640K
  class space    used 12399K, capacity 13305K, committed 13464K, reserved 1048576K
}
Event: 13.948 GC heap after
{Heap after GC invocations=30 (full 0):
 garbage-first heap   total 254976K, used 174032K [0x0000000080000000, 0x0000000100000000)
  region size 1024K, 1 young (1024K), 1 survivors (1024K)
 Metaspace       used 97141K, capacity 99606K, committed 100124K, reserved 1136640K
  class space    used 12399K, capacity 13305K, committed 13464K, reserved 1048576K
}
Event: 14.191 GC heap before
{Heap before GC invocations=30 (full 0):
 garbage-first heap   total 254976K, used 198608K [0x0000000080000000, 0x0000000100000000)
  region size 1024K, 23 young (23552K), 1 survivors (1024K)
 Metaspace       used 97227K, capacity 99684K, committed 100124K, reserved 1136640K
  class space    used 12412K, capacity 13310K, committed 13464K, reserved 1048576K
}
Event: 14.221 GC heap after
{Heap after GC invocations=31 (full 0):
 garbage-first heap   total 254976K, used 187392K [0x0000000080000000, 0x0000000100000000)
  region size 1024K, 3 young (3072K), 3 survivors (3072K)
 Metaspace       used 97227K, capacity 99684K, committed 100124K, reserved 1136640K
  class space    used 12412K, capacity 13310K, committed 13464K, reserved 1048576K
}
Event: 14.295 GC heap before
{Heap before GC invocations=32 (full 0):
 garbage-first heap   total 254976K, used 194560K [0x0000000080000000, 0x0000000100000000)
  region size 1024K, 11 young (11264K), 3 survivors (3072K)
 Metaspace       used 97228K, capacity 99684K, committed 100124K, reserved 1136640K
  class space    used 12412K, capacity 13310K, committed 13464K, reserved 1048576K
}
Event: 14.313 GC heap after
{Heap after GC invocations=33 (full 0):
 garbage-first heap   total 332800K, used 191103K [0x0000000080000000, 0x0000000100000000)
  region size 1024K, 3 young (3072K), 3 survivors (3072K)
 Metaspace       used 97228K, capacity 99684K, committed 100124K, reserved 1136640K
  class space    used 12412K, capacity 13310K, committed 13464K, reserved 1048576K
}
Event: 14.656 GC heap before
{Heap before GC invocations=34 (full 0):
 garbage-first heap   total 332800K, used 232063K [0x0000000080000000, 0x0000000100000000)
  region size 1024K, 42 young (43008K), 3 survivors (3072K)
 Metaspace       used 97253K, capacity 99689K, committed 100124K, reserved 1136640K
  class space    used 12416K, capacity 13311K, committed 13464K, reserved 1048576K
}
Event: 14.684 GC heap after
{Heap after GC invocations=35 (full 0):
 garbage-first heap   total 332800K, used 209257K [0x0000000080000000, 0x0000000100000000)
  region size 1024K, 6 young (6144K), 6 survivors (6144K)
 Metaspace       used 97253K, capacity 99689K, committed 100124K, reserved 1136640K
  class space    used 12416K, capacity 13311K, committed 13464K, reserved 1048576K
}
Event: 14.941 GC heap before
{Heap before GC invocations=35 (full 0):
 garbage-first heap   total 332800K, used 244073K [0x0000000080000000, 0x0000000100000000)
  region size 1024K, 41 young (41984K), 6 survivors (6144K)
 Metaspace       used 99526K, capacity 102109K, committed 102428K, reserved 1138688K
  class space    used 12894K, capacity 13856K, committed 13976K, reserved 1048576K
}
Event: 14.972 GC heap after
{Heap after GC invocations=36 (full 0):
 garbage-first heap   total 332800K, used 225984K [0x0000000080000000, 0x0000000100000000)
  region size 1024K, 6 young (6144K), 6 survivors (6144K)
 Metaspace       used 99526K, capacity 102109K, committed 102428K, reserved 1138688K
  class space    used 12894K, capacity 13856K, committed 13976K, reserved 1048576K
}
Event: 15.075 GC heap before
{Heap before GC invocations=36 (full 0):
 garbage-first heap   total 332800K, used 255680K [0x0000000080000000, 0x0000000100000000)
  region size 1024K, 35 young (35840K), 6 survivors (6144K)
 Metaspace       used 99645K, capacity 102190K, committed 102428K, reserved 1138688K
  class space    used 12894K, capacity 13856K, committed 13976K, reserved 1048576K
}
Event: 15.104 GC heap after
{Heap after GC invocations=37 (full 0):
 garbage-first heap   total 332800K, used 242688K [0x0000000080000000, 0x0000000100000000)
  region size 1024K, 5 young (5120K), 5 survivors (5120K)
 Metaspace       used 99645K, capacity 102190K, committed 102428K, reserved 1138688K
  class space    used 12894K, capacity 13856K, committed 13976K, reserved 1048576K
}
Event: 15.152 GC heap before
{Heap before GC invocations=37 (full 0):
 garbage-first heap   total 332800K, used 266240K [0x0000000080000000, 0x0000000100000000)
  region size 1024K, 28 young (28672K), 5 survivors (5120K)
 Metaspace       used 99655K, capacity 102191K, committed 102428K, reserved 1138688K
  class space    used 12894K, capacity 13856K, committed 13976K, reserved 1048576K
}

