# JRE version: OpenJDK Runtime Environment (11.0.13) (build 11.0.13+0-b1751.21-8125866)
# Java VM: OpenJDK 64-Bit Server VM (11.0.13+0-b1751.21-8125866, mixed mode, tiered, compressed oops, g1 gc, windows-amd64)
Heap:
 garbage-first heap   total 546816K, used 240640K [0x0000000080000000, 0x0000000100000000)
  region size 1024K, 3 young (3072K), 3 survivors (3072K)
 Metaspace       used 97528K, capacity 99975K, committed 100380K, reserved 1136640K
  class space    used 12670K, capacity 13601K, committed 13720K, reserved 1048576K
GC Heap History (20 events):
Event: 12.798 GC heap after
{Heap after GC invocations=23 (full 0):
 garbage-first heap   total 187392K, used 88321K [0x0000000080000000, 0x0000000100000000)
  region size 1024K, 9 young (9216K), 9 survivors (9216K)
 Metaspace       used 87610K, capacity 90157K, committed 90268K, reserved 1128448K
  class space    used 11297K, capacity 12249K, committed 12312K, reserved 1048576K
}
Event: 13.059 GC heap before
{Heap before GC invocations=23 (full 0):
 garbage-first heap   total 187392K, used 145665K [0x0000000080000000, 0x0000000100000000)
  region size 1024K, 66 young (67584K), 9 survivors (9216K)
 Metaspace       used 88810K, capacity 91265K, committed 91420K, reserved 1128448K
  class space    used 11447K, capacity 12362K, committed 12440K, reserved 1048576K
}
Event: 13.068 GC heap after
{Heap after GC invocations=24 (full 0):
 garbage-first heap   total 187392K, used 91535K [0x0000000080000000, 0x0000000100000000)
  region size 1024K, 4 young (4096K), 4 survivors (4096K)
 Metaspace       used 88810K, capacity 91265K, committed 91420K, reserved 1128448K
  class space    used 11447K, capacity 12362K, committed 12440K, reserved 1048576K
}
Event: 13.281 GC heap before
{Heap before GC invocations=24 (full 0):
 garbage-first heap   total 187392K, used 148879K [0x0000000080000000, 0x0000000100000000)
  region size 1024K, 61 young (62464K), 4 survivors (4096K)
 Metaspace       used 90082K, capacity 92576K, committed 92956K, reserved 1130496K
  class space    used 11612K, capacity 12562K, committed 12696K, reserved 1048576K
}
Event: 13.293 GC heap after
{Heap after GC invocations=25 (full 0):
 garbage-first heap   total 225280K, used 93387K [0x0000000080000000, 0x0000000100000000)
  region size 1024K, 6 young (6144K), 6 survivors (6144K)
 Metaspace       used 90082K, capacity 92576K, committed 92956K, reserved 1130496K
  class space    used 11612K, capacity 12562K, committed 12696K, reserved 1048576K
}
Event: 13.775 GC heap before
{Heap before GC invocations=26 (full 0):
 garbage-first heap   total 225280K, used 167115K [0x0000000080000000, 0x0000000100000000)
  region size 1024K, 54 young (55296K), 6 survivors (6144K)
 Metaspace       used 94741K, capacity 97013K, committed 97564K, reserved 1134592K
  class space    used 12149K, capacity 12989K, committed 13208K, reserved 1048576K
}
Event: 13.786 GC heap after
{Heap after GC invocations=27 (full 0):
 garbage-first heap   total 225280K, used 128443K [0x0000000080000000, 0x0000000100000000)
  region size 1024K, 11 young (11264K), 11 survivors (11264K)
 Metaspace       used 94741K, capacity 97013K, committed 97564K, reserved 1134592K
  class space    used 12149K, capacity 12989K, committed 13208K, reserved 1048576K
}
Event: 13.900 GC heap before
{Heap before GC invocations=27 (full 0):
 garbage-first heap   total 225280K, used 223675K [0x0000000080000000, 0x0000000100000000)
  region size 1024K, 36 young (36864K), 11 survivors (11264K)
 Metaspace       used 94979K, capacity 97309K, committed 97820K, reserved 1134592K
  class space    used 12171K, capacity 13023K, committed 13208K, reserved 1048576K
}
Event: 13.915 GC heap after
{Heap after GC invocations=28 (full 0):
 garbage-first heap   total 245760K, used 164765K [0x0000000080000000, 0x0000000100000000)
  region size 1024K, 9 young (9216K), 9 survivors (9216K)
 Metaspace       used 94979K, capacity 97309K, committed 97820K, reserved 1134592K
  class space    used 12171K, capacity 13023K, committed 13208K, reserved 1048576K
}
Event: 14.029 GC heap before
{Heap before GC invocations=29 (full 0):
 garbage-first heap   total 245760K, used 184221K [0x0000000080000000, 0x0000000100000000)
  region size 1024K, 29 young (29696K), 9 survivors (9216K)
 Metaspace       used 95078K, capacity 97432K, committed 98204K, reserved 1134592K
  class space    used 12189K, capacity 13067K, committed 13336K, reserved 1048576K
}
Event: 14.046 GC heap after
{Heap after GC invocations=30 (full 0):
 garbage-first heap   total 245760K, used 174761K [0x0000000080000000, 0x0000000100000000)
  region size 1024K, 6 young (6144K), 6 survivors (6144K)
 Metaspace       used 95078K, capacity 97432K, committed 98204K, reserved 1134592K
  class space    used 12189K, capacity 13067K, committed 13336K, reserved 1048576K
}
Event: 14.224 GC heap before
{Heap before GC invocations=30 (full 0):
 garbage-first heap   total 245760K, used 202409K [0x0000000080000000, 0x0000000100000000)
  region size 1024K, 31 young (31744K), 6 survivors (6144K)
 Metaspace       used 95143K, capacity 97510K, committed 98204K, reserved 1134592K
  class space    used 12198K, capacity 13072K, committed 13336K, reserved 1048576K
}
Event: 14.248 GC heap after
{Heap after GC invocations=31 (full 0):
 garbage-first heap   total 295936K, used 188570K [0x0000000080000000, 0x0000000100000000)
  region size 1024K, 4 young (4096K), 4 survivors (4096K)
 Metaspace       used 95143K, capacity 97510K, committed 98204K, reserved 1134592K
  class space    used 12198K, capacity 13072K, committed 13336K, reserved 1048576K
}
Event: 14.425 GC heap before
{Heap before GC invocations=32 (full 0):
 garbage-first heap   total 295936K, used 217242K [0x0000000080000000, 0x0000000100000000)
  region size 1024K, 33 young (33792K), 4 survivors (4096K)
 Metaspace       used 95144K, capacity 97510K, committed 98204K, reserved 1134592K
  class space    used 12198K, capacity 13072K, committed 13336K, reserved 1048576K
}
Event: 14.454 GC heap after
{Heap after GC invocations=33 (full 0):
 garbage-first heap   total 295936K, used 200685K [0x0000000080000000, 0x0000000100000000)
  region size 1024K, 6 young (6144K), 6 survivors (6144K)
 Metaspace       used 95144K, capacity 97510K, committed 98204K, reserved 1134592K
  class space    used 12198K, capacity 13072K, committed 13336K, reserved 1048576K
}
Event: 14.760 GC heap before
{Heap before GC invocations=33 (full 0):
 garbage-first heap   total 295936K, used 233453K [0x0000000080000000, 0x0000000100000000)
  region size 1024K, 38 young (38912K), 6 survivors (6144K)
 Metaspace       used 97453K, capacity 99900K, committed 100124K, reserved 1136640K
  class space    used 12670K, capacity 13601K, committed 13720K, reserved 1048576K
}
Event: 14.789 GC heap after
{Heap after GC invocations=34 (full 0):
 garbage-first heap   total 295936K, used 216064K [0x0000000080000000, 0x0000000100000000)
  region size 1024K, 5 young (5120K), 5 survivors (5120K)
 Metaspace       used 97453K, capacity 99900K, committed 100124K, reserved 1136640K
  class space    used 12670K, capacity 13601K, committed 13720K, reserved 1048576K
}
Event: 14.866 GC heap before
{Heap before GC invocations=35 (full 0):
 garbage-first heap   total 295936K, used 241664K [0x0000000080000000, 0x0000000100000000)
  region size 1024K, 30 young (30720K), 5 survivors (5120K)
 Metaspace       used 97516K, capacity 99971K, committed 100380K, reserved 1136640K
  class space    used 12670K, capacity 13601K, committed 13720K, reserved 1048576K
}
Event: 14.887 GC heap after
{Heap after GC invocations=36 (full 0):
 garbage-first heap   total 295936K, used 231048K [0x0000000080000000, 0x0000000100000000)
  region size 1024K, 4 young (4096K), 4 survivors (4096K)
 Metaspace       used 97516K, capacity 99971K, committed 100380K, reserved 1136640K
  class space    used 12670K, capacity 13601K, committed 13720K, reserved 1048576K
}
Event: 14.919 GC heap before
{Heap before GC invocations=36 (full 0):
 garbage-first heap   total 295936K, used 247432K [0x0000000080000000, 0x0000000100000000)
  region size 1024K, 20 young (20480K), 4 survivors (4096K)
 Metaspace       used 97528K, capacity 99975K, committed 100380K, reserved 1136640K
  class space    used 12670K, capacity 13601K, committed 13720K, reserved 1048576K
}

