# JRE version: OpenJDK Runtime Environment (11.0.13) (build 11.0.13+0-b1751.21-8125866)
# Java VM: OpenJDK 64-Bit Server VM (11.0.13+0-b1751.21-8125866, mixed mode, tiered, compressed oops, g1 gc, windows-amd64)
Heap:
 garbage-first heap   total 187392K, used 106146K [0x0000000080000000, 0x0000000100000000)
  region size 1024K, 52 young (53248K), 5 survivors (5120K)
 Metaspace       used 67214K, capacity 68894K, committed 69244K, reserved 1110016K
  class space    used 8435K, capacity 9022K, committed 9164K, reserved 1048576K
GC Heap History (20 events):
Event: 2.330 GC heap before
{Heap before GC invocations=3 (full 0):
 garbage-first heap   total 129024K, used 45580K [0x0000000080000000, 0x0000000100000000)
  region size 1024K, 36 young (36864K), 7 survivors (7168K)
 Metaspace       used 20764K, capacity 21191K, committed 21296K, reserved 1069056K
  class space    used 2527K, capacity 2686K, committed 2688K, reserved 1048576K
}
Event: 2.336 GC heap after
{Heap after GC invocations=4 (full 0):
 garbage-first heap   total 129024K, used 17707K [0x0000000080000000, 0x0000000100000000)
  region size 1024K, 2 young (2048K), 2 survivors (2048K)
 Metaspace       used 20764K, capacity 21191K, committed 21296K, reserved 1069056K
  class space    used 2527K, capacity 2686K, committed 2688K, reserved 1048576K
}
Event: 2.853 GC heap before
{Heap before GC invocations=5 (full 0):
 garbage-first heap   total 129024K, used 68907K [0x0000000080000000, 0x0000000100000000)
  region size 1024K, 52 young (53248K), 2 survivors (2048K)
 Metaspace       used 26235K, capacity 26770K, committed 26876K, reserved 1073152K
  class space    used 3366K, capacity 3575K, committed 3660K, reserved 1048576K
}
Event: 2.856 GC heap after
{Heap after GC invocations=6 (full 0):
 garbage-first heap   total 129024K, used 19558K [0x0000000080000000, 0x0000000100000000)
  region size 1024K, 3 young (3072K), 3 survivors (3072K)
 Metaspace       used 26235K, capacity 26770K, committed 26876K, reserved 1073152K
  class space    used 3366K, capacity 3575K, committed 3660K, reserved 1048576K
}
Event: 3.451 GC heap before
{Heap before GC invocations=6 (full 0):
 garbage-first heap   total 129024K, used 74854K [0x0000000080000000, 0x0000000100000000)
  region size 1024K, 57 young (58368K), 3 survivors (3072K)
 Metaspace       used 32519K, capacity 33272K, committed 33404K, reserved 1079296K
  class space    used 4254K, capacity 4512K, committed 4556K, reserved 1048576K
}
Event: 3.455 GC heap after
{Heap after GC invocations=7 (full 0):
 garbage-first heap   total 129024K, used 21915K [0x0000000080000000, 0x0000000100000000)
  region size 1024K, 6 young (6144K), 6 survivors (6144K)
 Metaspace       used 32519K, capacity 33272K, committed 33404K, reserved 1079296K
  class space    used 4254K, capacity 4512K, committed 4556K, reserved 1048576K
}
Event: 3.588 GC heap before
{Heap before GC invocations=7 (full 0):
 garbage-first heap   total 129024K, used 27035K [0x0000000080000000, 0x0000000100000000)
  region size 1024K, 12 young (12288K), 6 survivors (6144K)
 Metaspace       used 35111K, capacity 35898K, committed 35964K, reserved 1081344K
  class space    used 4495K, capacity 4792K, committed 4812K, reserved 1048576K
}
Event: 3.599 GC heap after
{Heap after GC invocations=8 (full 0):
 garbage-first heap   total 129024K, used 23378K [0x0000000080000000, 0x0000000100000000)
  region size 1024K, 4 young (4096K), 4 survivors (4096K)
 Metaspace       used 35111K, capacity 35898K, committed 35964K, reserved 1081344K
  class space    used 4495K, capacity 4792K, committed 4812K, reserved 1048576K
}
Event: 4.119 GC heap before
{Heap before GC invocations=9 (full 0):
 garbage-first heap   total 129024K, used 83794K [0x0000000080000000, 0x0000000100000000)
  region size 1024K, 61 young (62464K), 4 survivors (4096K)
 Metaspace       used 39633K, capacity 40567K, committed 40700K, reserved 1085440K
  class space    used 5011K, capacity 5364K, committed 5452K, reserved 1048576K
}
Event: 4.126 GC heap after
{Heap after GC invocations=10 (full 0):
 garbage-first heap   total 129024K, used 27626K [0x0000000080000000, 0x0000000100000000)
  region size 1024K, 8 young (8192K), 8 survivors (8192K)
 Metaspace       used 39633K, capacity 40567K, committed 40700K, reserved 1085440K
  class space    used 5011K, capacity 5364K, committed 5452K, reserved 1048576K
}
Event: 4.666 GC heap before
{Heap before GC invocations=10 (full 0):
 garbage-first heap   total 129024K, used 88042K [0x0000000080000000, 0x0000000100000000)
  region size 1024K, 66 young (67584K), 8 survivors (8192K)
 Metaspace       used 44682K, capacity 45848K, committed 45948K, reserved 1089536K
  class space    used 5652K, capacity 6069K, committed 6092K, reserved 1048576K
}
Event: 4.676 GC heap after
{Heap after GC invocations=11 (full 0):
 garbage-first heap   total 155648K, used 30887K [0x0000000080000000, 0x0000000100000000)
  region size 1024K, 8 young (8192K), 8 survivors (8192K)
 Metaspace       used 44682K, capacity 45848K, committed 45948K, reserved 1089536K
  class space    used 5652K, capacity 6069K, committed 6092K, reserved 1048576K
}
Event: 5.555 GC heap before
{Heap before GC invocations=11 (full 0):
 garbage-first heap   total 155648K, used 102567K [0x0000000080000000, 0x0000000100000000)
  region size 1024K, 78 young (79872K), 8 survivors (8192K)
 Metaspace       used 48353K, capacity 49724K, committed 49916K, reserved 1093632K
  class space    used 6118K, capacity 6614K, committed 6732K, reserved 1048576K
}
Event: 5.562 GC heap after
{Heap after GC invocations=12 (full 0):
 garbage-first heap   total 155648K, used 34160K [0x0000000080000000, 0x0000000100000000)
  region size 1024K, 7 young (7168K), 7 survivors (7168K)
 Metaspace       used 48353K, capacity 49724K, committed 49916K, reserved 1093632K
  class space    used 6118K, capacity 6614K, committed 6732K, reserved 1048576K
}
Event: 6.697 GC heap before
{Heap before GC invocations=12 (full 0):
 garbage-first heap   total 155648K, used 121200K [0x0000000080000000, 0x0000000100000000)
  region size 1024K, 84 young (86016K), 7 survivors (7168K)
 Metaspace       used 56206K, capacity 57726K, committed 57852K, reserved 1099776K
  class space    used 7078K, capacity 7665K, committed 7756K, reserved 1048576K
}
Event: 6.705 GC heap after
{Heap after GC invocations=13 (full 0):
 garbage-first heap   total 155648K, used 52177K [0x0000000080000000, 0x0000000100000000)
  region size 1024K, 11 young (11264K), 11 survivors (11264K)
 Metaspace       used 56206K, capacity 57726K, committed 57852K, reserved 1099776K
  class space    used 7078K, capacity 7665K, committed 7756K, reserved 1048576K
}
Event: 6.921 GC heap before
{Heap before GC invocations=13 (full 0):
 garbage-first heap   total 155648K, used 67537K [0x0000000080000000, 0x0000000100000000)
  region size 1024K, 27 young (27648K), 11 survivors (11264K)
 Metaspace       used 58807K, capacity 60379K, committed 60540K, reserved 1101824K
  class space    used 7414K, capacity 8015K, committed 8140K, reserved 1048576K
}
Event: 6.933 GC heap after
{Heap after GC invocations=14 (full 0):
 garbage-first heap   total 155648K, used 54484K [0x0000000080000000, 0x0000000100000000)
  region size 1024K, 2 young (2048K), 2 survivors (2048K)
 Metaspace       used 58807K, capacity 60379K, committed 60540K, reserved 1101824K
  class space    used 7414K, capacity 8015K, committed 8140K, reserved 1048576K
}
Event: 7.411 GC heap before
{Heap before GC invocations=15 (full 0):
 garbage-first heap   total 155648K, used 98516K [0x0000000080000000, 0x0000000100000000)
  region size 1024K, 46 young (47104K), 2 survivors (2048K)
 Metaspace       used 63218K, capacity 64901K, committed 65148K, reserved 1105920K
  class space    used 7945K, capacity 8557K, committed 8652K, reserved 1048576K
}
Event: 7.418 GC heap after
{Heap after GC invocations=16 (full 0):
 garbage-first heap   total 187392K, used 58018K [0x0000000080000000, 0x0000000100000000)
  region size 1024K, 5 young (5120K), 5 survivors (5120K)
 Metaspace       used 63218K, capacity 64901K, committed 65148K, reserved 1105920K
  class space    used 7945K, capacity 8557K, committed 8652K, reserved 1048576K
}

