# JRE version: OpenJDK Runtime Environment (11.0.13) (build 11.0.13+0-b1751.21-8125866)
# Java VM: OpenJDK 64-Bit Server VM (11.0.13+0-b1751.21-8125866, mixed mode, tiered, compressed oops, g1 gc, windows-amd64)
Heap:
 garbage-first heap   total 311296K, used 203204K [0x0000000080000000, 0x0000000100000000)
  region size 1024K, 2 young (2048K), 2 survivors (2048K)
 Metaspace       used 95198K, capacity 97579K, committed 98076K, reserved 1134592K
  class space    used 12195K, capacity 13072K, committed 13208K, reserved 1048576K
GC Heap History (20 events):
Event: 15.411 GC heap after
{Heap after GC invocations=22 (full 0):
 garbage-first heap   total 187392K, used 88011K [0x0000000080000000, 0x0000000100000000)
  region size 1024K, 10 young (10240K), 10 survivors (10240K)
 Metaspace       used 86903K, capacity 89311K, committed 89372K, reserved 1126400K
  class space    used 11232K, capacity 12133K, committed 12184K, reserved 1048576K
}
Event: 15.745 GC heap before
{Heap before GC invocations=22 (full 0):
 garbage-first heap   total 187392K, used 152523K [0x0000000080000000, 0x0000000100000000)
  region size 1024K, 74 young (75776K), 10 survivors (10240K)
 Metaspace       used 88986K, capacity 91505K, committed 91676K, reserved 1128448K
  class space    used 11446K, capacity 12354K, committed 12440K, reserved 1048576K
}
Event: 15.755 GC heap after
{Heap after GC invocations=23 (full 0):
 garbage-first heap   total 187392K, used 91372K [0x0000000080000000, 0x0000000100000000)
  region size 1024K, 4 young (4096K), 4 survivors (4096K)
 Metaspace       used 88986K, capacity 91505K, committed 91676K, reserved 1128448K
  class space    used 11446K, capacity 12354K, committed 12440K, reserved 1048576K
}
Event: 16.012 GC heap before
{Heap before GC invocations=23 (full 0):
 garbage-first heap   total 187392K, used 152812K [0x0000000080000000, 0x0000000100000000)
  region size 1024K, 66 young (67584K), 4 survivors (4096K)
 Metaspace       used 90682K, capacity 93192K, committed 93468K, reserved 1130496K
  class space    used 11658K, capacity 12590K, committed 12696K, reserved 1048576K
}
Event: 16.024 GC heap after
{Heap after GC invocations=24 (full 0):
 garbage-first heap   total 187392K, used 93534K [0x0000000080000000, 0x0000000100000000)
  region size 1024K, 6 young (6144K), 6 survivors (6144K)
 Metaspace       used 90682K, capacity 93192K, committed 93468K, reserved 1130496K
  class space    used 11658K, capacity 12590K, committed 12696K, reserved 1048576K
}
Event: 16.597 GC heap before
{Heap before GC invocations=25 (full 0):
 garbage-first heap   total 187392K, used 160094K [0x0000000080000000, 0x0000000100000000)
  region size 1024K, 47 young (48128K), 6 survivors (6144K)
 Metaspace       used 94834K, capacity 97171K, committed 97820K, reserved 1134592K
  class space    used 12152K, capacity 13000K, committed 13208K, reserved 1048576K
}
Event: 16.611 GC heap after
{Heap after GC invocations=26 (full 0):
 garbage-first heap   total 225280K, used 128909K [0x0000000080000000, 0x0000000100000000)
  region size 1024K, 9 young (9216K), 9 survivors (9216K)
 Metaspace       used 94834K, capacity 97171K, committed 97820K, reserved 1134592K
  class space    used 12152K, capacity 13000K, committed 13208K, reserved 1048576K
}
Event: 16.732 GC heap before
{Heap before GC invocations=26 (full 0):
 garbage-first heap   total 225280K, used 224141K [0x0000000080000000, 0x0000000100000000)
  region size 1024K, 34 young (34816K), 9 survivors (9216K)
 Metaspace       used 95140K, capacity 97564K, committed 98076K, reserved 1134592K
  class space    used 12184K, capacity 13067K, committed 13208K, reserved 1048576K
}
Event: 16.744 GC heap after
{Heap after GC invocations=27 (full 0):
 garbage-first heap   total 243712K, used 164812K [0x0000000080000000, 0x0000000100000000)
  region size 1024K, 8 young (8192K), 8 survivors (8192K)
 Metaspace       used 95140K, capacity 97564K, committed 98076K, reserved 1134592K
  class space    used 12184K, capacity 13067K, committed 13208K, reserved 1048576K
}
Event: 16.827 GC heap before
{Heap before GC invocations=28 (full 0):
 garbage-first heap   total 243712K, used 176076K [0x0000000080000000, 0x0000000100000000)
  region size 1024K, 20 young (20480K), 8 survivors (8192K)
 Metaspace       used 95161K, capacity 97565K, committed 98076K, reserved 1134592K
  class space    used 12185K, capacity 13067K, committed 13208K, reserved 1048576K
}
Event: 16.838 GC heap after
{Heap after GC invocations=29 (full 0):
 garbage-first heap   total 243712K, used 170395K [0x0000000080000000, 0x0000000100000000)
  region size 1024K, 6 young (6144K), 6 survivors (6144K)
 Metaspace       used 95161K, capacity 97565K, committed 98076K, reserved 1134592K
  class space    used 12185K, capacity 13067K, committed 13208K, reserved 1048576K
}
Event: 17.014 GC heap before
{Heap before GC invocations=29 (full 0):
 garbage-first heap   total 243712K, used 195995K [0x0000000080000000, 0x0000000100000000)
  region size 1024K, 29 young (29696K), 6 survivors (6144K)
 Metaspace       used 95163K, capacity 97565K, committed 98076K, reserved 1134592K
  class space    used 12185K, capacity 13067K, committed 13208K, reserved 1048576K
}
Event: 17.035 GC heap after
{Heap after GC invocations=30 (full 0):
 garbage-first heap   total 243712K, used 183219K [0x0000000080000000, 0x0000000100000000)
  region size 1024K, 4 young (4096K), 4 survivors (4096K)
 Metaspace       used 95163K, capacity 97565K, committed 98076K, reserved 1134592K
  class space    used 12185K, capacity 13067K, committed 13208K, reserved 1048576K
}
Event: 17.089 GC heap before
{Heap before GC invocations=31 (full 0):
 garbage-first heap   total 243712K, used 189363K [0x0000000080000000, 0x0000000100000000)
  region size 1024K, 11 young (11264K), 4 survivors (4096K)
 Metaspace       used 95197K, capacity 97579K, committed 98076K, reserved 1134592K
  class space    used 12195K, capacity 13072K, committed 13208K, reserved 1048576K
}
Event: 17.104 GC heap after
{Heap after GC invocations=32 (full 0):
 garbage-first heap   total 243712K, used 186746K [0x0000000080000000, 0x0000000100000000)
  region size 1024K, 3 young (3072K), 3 survivors (3072K)
 Metaspace       used 95197K, capacity 97579K, committed 98076K, reserved 1134592K
  class space    used 12195K, capacity 13072K, committed 13208K, reserved 1048576K
}
Event: 17.198 GC heap before
{Heap before GC invocations=32 (full 0):
 garbage-first heap   total 243712K, used 201082K [0x0000000080000000, 0x0000000100000000)
  region size 1024K, 16 young (16384K), 3 survivors (3072K)
 Metaspace       used 95198K, capacity 97579K, committed 98076K, reserved 1134592K
  class space    used 12195K, capacity 13072K, committed 13208K, reserved 1048576K
}
Event: 17.210 GC heap after
{Heap after GC invocations=33 (full 0):
 garbage-first heap   total 243712K, used 193345K [0x0000000080000000, 0x0000000100000000)
  region size 1024K, 2 young (2048K), 2 survivors (2048K)
 Metaspace       used 95198K, capacity 97579K, committed 98076K, reserved 1134592K
  class space    used 12195K, capacity 13072K, committed 13208K, reserved 1048576K
}
Event: 17.279 GC heap before
{Heap before GC invocations=33 (full 0):
 garbage-first heap   total 243712K, used 204609K [0x0000000080000000, 0x0000000100000000)
  region size 1024K, 13 young (13312K), 2 survivors (2048K)
 Metaspace       used 95198K, capacity 97579K, committed 98076K, reserved 1134592K
  class space    used 12195K, capacity 13072K, committed 13208K, reserved 1048576K
}
Event: 17.291 GC heap after
{Heap after GC invocations=34 (full 0):
 garbage-first heap   total 243712K, used 198269K [0x0000000080000000, 0x0000000100000000)
  region size 1024K, 2 young (2048K), 2 survivors (2048K)
 Metaspace       used 95198K, capacity 97579K, committed 98076K, reserved 1134592K
  class space    used 12195K, capacity 13072K, committed 13208K, reserved 1048576K
}
Event: 17.353 GC heap before
{Heap before GC invocations=34 (full 0):
 garbage-first heap   total 243712K, used 207485K [0x0000000080000000, 0x0000000100000000)
  region size 1024K, 11 young (11264K), 2 survivors (2048K)
 Metaspace       used 95198K, capacity 97579K, committed 98076K, reserved 1134592K
  class space    used 12195K, capacity 13072K, committed 13208K, reserved 1048576K
}

