# JRE version: OpenJDK Runtime Environment (11.0.13) (build 11.0.13+0-b1751.21-8125866)
# Java VM: OpenJDK 64-Bit Server VM (11.0.13+0-b1751.21-8125866, mixed mode, tiered, compressed oops, g1 gc, windows-amd64)
Heap:
 garbage-first heap   total 816128K, used 256128K [0x0000000080000000, 0x0000000100000000)
  region size 1024K, 5 young (5120K), 5 survivors (5120K)
 Metaspace       used 100745K, capacity 103350K, committed 103580K, reserved 1138688K
  class space    used 13104K, capacity 14086K, committed 14156K, reserved 1048576K
GC Heap History (20 events):
Event: 12.486 GC heap after
{Heap after GC invocations=27 (full 0):
 garbage-first heap   total 195584K, used 143387K [0x0000000080000000, 0x0000000100000000)
  region size 1024K, 3 young (3072K), 3 survivors (3072K)
 Metaspace       used 96560K, capacity 98840K, committed 99484K, reserved 1136640K
  class space    used 12360K, capacity 13225K, committed 13388K, reserved 1048576K
}
Event: 12.595 GC heap before
{Heap before GC invocations=27 (full 0):
 garbage-first heap   total 195584K, used 156699K [0x0000000080000000, 0x0000000100000000)
  region size 1024K, 17 young (17408K), 3 survivors (3072K)
 Metaspace       used 96690K, capacity 99092K, committed 99612K, reserved 1136640K
  class space    used 12376K, capacity 13269K, committed 13516K, reserved 1048576K
}
Event: 12.603 GC heap after
{Heap after GC invocations=28 (full 0):
 garbage-first heap   total 195584K, used 149235K [0x0000000080000000, 0x0000000100000000)
  region size 1024K, 3 young (3072K), 3 survivors (3072K)
 Metaspace       used 96690K, capacity 99092K, committed 99612K, reserved 1136640K
  class space    used 12376K, capacity 13269K, committed 13516K, reserved 1048576K
}
Event: 12.669 GC heap before
{Heap before GC invocations=29 (full 0):
 garbage-first heap   total 195584K, used 160499K [0x0000000080000000, 0x0000000100000000)
  region size 1024K, 15 young (15360K), 3 survivors (3072K)
 Metaspace       used 96691K, capacity 99092K, committed 99612K, reserved 1136640K
  class space    used 12376K, capacity 13269K, committed 13516K, reserved 1048576K
}
Event: 12.678 GC heap after
{Heap after GC invocations=30 (full 0):
 garbage-first heap   total 235520K, used 154539K [0x0000000080000000, 0x0000000100000000)
  region size 1024K, 2 young (2048K), 2 survivors (2048K)
 Metaspace       used 96691K, capacity 99092K, committed 99612K, reserved 1136640K
  class space    used 12376K, capacity 13269K, committed 13516K, reserved 1048576K
}
Event: 12.700 GC heap before
{Heap before GC invocations=30 (full 0):
 garbage-first heap   total 235520K, used 158635K [0x0000000080000000, 0x0000000100000000)
  region size 1024K, 7 young (7168K), 2 survivors (2048K)
 Metaspace       used 96729K, capacity 99170K, committed 99868K, reserved 1136640K
  class space    used 12385K, capacity 13274K, committed 13516K, reserved 1048576K
}
Event: 12.708 GC heap after
{Heap after GC invocations=31 (full 0):
 garbage-first heap   total 235520K, used 156402K [0x0000000080000000, 0x0000000100000000)
  region size 1024K, 4 young (4096K), 4 survivors (4096K)
 Metaspace       used 96729K, capacity 99170K, committed 99868K, reserved 1136640K
  class space    used 12385K, capacity 13274K, committed 13516K, reserved 1048576K
}
Event: 12.865 GC heap before
{Heap before GC invocations=31 (full 0):
 garbage-first heap   total 235520K, used 177906K [0x0000000080000000, 0x0000000100000000)
  region size 1024K, 24 young (24576K), 4 survivors (4096K)
 Metaspace       used 96729K, capacity 99170K, committed 99868K, reserved 1136640K
  class space    used 12385K, capacity 13274K, committed 13516K, reserved 1048576K
}
Event: 12.883 GC heap after
{Heap after GC invocations=32 (full 0):
 garbage-first heap   total 235520K, used 166166K [0x0000000080000000, 0x0000000100000000)
  region size 1024K, 3 young (3072K), 3 survivors (3072K)
 Metaspace       used 96729K, capacity 99170K, committed 99868K, reserved 1136640K
  class space    used 12385K, capacity 13274K, committed 13516K, reserved 1048576K
}
Event: 12.984 GC heap before
{Heap before GC invocations=33 (full 0):
 garbage-first heap   total 235520K, used 183574K [0x0000000080000000, 0x0000000100000000)
  region size 1024K, 21 young (21504K), 3 survivors (3072K)
 Metaspace       used 97507K, capacity 99935K, committed 100380K, reserved 1136640K
  class space    used 12515K, capacity 13428K, committed 13516K, reserved 1048576K
}
Event: 12.997 GC heap after
{Heap after GC invocations=34 (full 0):
 garbage-first heap   total 235520K, used 172935K [0x0000000080000000, 0x0000000100000000)
  region size 1024K, 3 young (3072K), 3 survivors (3072K)
 Metaspace       used 97507K, capacity 99935K, committed 100380K, reserved 1136640K
  class space    used 12515K, capacity 13428K, committed 13516K, reserved 1048576K
}
Event: 13.126 GC heap before
{Heap before GC invocations=34 (full 0):
 garbage-first heap   total 235520K, used 189319K [0x0000000080000000, 0x0000000100000000)
  region size 1024K, 19 young (19456K), 3 survivors (3072K)
 Metaspace       used 99064K, capacity 101676K, committed 101788K, reserved 1136640K
  class space    used 12886K, capacity 13856K, committed 13900K, reserved 1048576K
}
Event: 13.142 GC heap after
{Heap after GC invocations=35 (full 0):
 garbage-first heap   total 346112K, used 179938K [0x0000000080000000, 0x0000000100000000)
  region size 1024K, 3 young (3072K), 3 survivors (3072K)
 Metaspace       used 99064K, capacity 101676K, committed 101788K, reserved 1136640K
  class space    used 12886K, capacity 13856K, committed 13900K, reserved 1048576K
}
Event: 13.294 GC heap before
{Heap before GC invocations=35 (full 0):
 garbage-first heap   total 346112K, used 226018K [0x0000000080000000, 0x0000000100000000)
  region size 1024K, 48 young (49152K), 3 survivors (3072K)
 Metaspace       used 99215K, capacity 101757K, committed 102044K, reserved 1138688K
  class space    used 12886K, capacity 13856K, committed 13900K, reserved 1048576K
}
Event: 13.317 GC heap after
{Heap after GC invocations=36 (full 0):
 garbage-first heap   total 346112K, used 202904K [0x0000000080000000, 0x0000000100000000)
  region size 1024K, 6 young (6144K), 6 survivors (6144K)
 Metaspace       used 99215K, capacity 101757K, committed 102044K, reserved 1138688K
  class space    used 12886K, capacity 13856K, committed 13900K, reserved 1048576K
}
Event: 13.385 GC heap before
{Heap before GC invocations=36 (full 0):
 garbage-first heap   total 346112K, used 242840K [0x0000000080000000, 0x0000000100000000)
  region size 1024K, 46 young (47104K), 6 survivors (6144K)
 Metaspace       used 99221K, capacity 101757K, committed 102044K, reserved 1138688K
  class space    used 12887K, capacity 13856K, committed 13900K, reserved 1048576K
}
Event: 13.416 GC heap after
{Heap after GC invocations=37 (full 0):
 garbage-first heap   total 346112K, used 224256K [0x0000000080000000, 0x0000000100000000)
  region size 1024K, 6 young (6144K), 6 survivors (6144K)
 Metaspace       used 99221K, capacity 101757K, committed 102044K, reserved 1138688K
  class space    used 12887K, capacity 13856K, committed 13900K, reserved 1048576K
}
Event: 13.485 GC heap before
{Heap before GC invocations=37 (full 0):
 garbage-first heap   total 346112K, used 259072K [0x0000000080000000, 0x0000000100000000)
  region size 1024K, 40 young (40960K), 6 survivors (6144K)
 Metaspace       used 99221K, capacity 101757K, committed 102044K, reserved 1138688K
  class space    used 12887K, capacity 13856K, committed 13900K, reserved 1048576K
}
Event: 13.508 GC heap after
{Heap after GC invocations=38 (full 0):
 garbage-first heap   total 346112K, used 243168K [0x0000000080000000, 0x0000000100000000)
  region size 1024K, 5 young (5120K), 5 survivors (5120K)
 Metaspace       used 99221K, capacity 101757K, committed 102044K, reserved 1138688K
  class space    used 12887K, capacity 13856K, committed 13900K, reserved 1048576K
}
Event: 13.677 GC heap before
{Heap before GC invocations=39 (full 0):
 garbage-first heap   total 346112K, used 270816K [0x0000000080000000, 0x0000000100000000)
  region size 1024K, 33 young (33792K), 5 survivors (5120K)
 Metaspace       used 100745K, capacity 103350K, committed 103580K, reserved 1138688K
  class space    used 13104K, capacity 14086K, committed 14156K, reserved 1048576K
}

