# JRE version: OpenJDK Runtime Environment (11.0.13) (build 11.0.13+0-b1751.21-8125866)
# Java VM: OpenJDK 64-Bit Server VM (11.0.13+0-b1751.21-8125866, mixed mode, tiered, compressed oops, g1 gc, windows-amd64)
Heap:
 garbage-first heap   total 1100800K, used 326144K [0x0000000080000000, 0x0000000100000000)
  region size 1024K, 5 young (5120K), 5 survivors (5120K)
 Metaspace       used 118408K, capacity 122221K, committed 122780K, reserved 1155072K
  class space    used 15215K, capacity 16669K, committed 16920K, reserved 1048576K
GC Heap History (20 events):
Event: 658.959 GC heap after
{Heap after GC invocations=45 (full 0):
 garbage-first heap   total 242688K, used 199011K [0x0000000080000000, 0x0000000100000000)
  region size 1024K, 2 young (2048K), 2 survivors (2048K)
 Metaspace       used 117892K, capacity 121696K, committed 122268K, reserved 1155072K
  class space    used 15183K, capacity 16621K, committed 16920K, reserved 1048576K
}
Event: 659.022 GC heap before
{Heap before GC invocations=45 (full 0):
 garbage-first heap   total 242688K, used 210275K [0x0000000080000000, 0x0000000100000000)
  region size 1024K, 11 young (11264K), 2 survivors (2048K)
 Metaspace       used 117894K, capacity 121678K, committed 122268K, reserved 1155072K
  class space    used 15185K, capacity 16618K, committed 16920K, reserved 1048576K
}
Event: 659.034 GC heap after
{Heap after GC invocations=46 (full 0):
 garbage-first heap   total 242688K, used 206143K [0x0000000080000000, 0x0000000100000000)
  region size 1024K, 2 young (2048K), 2 survivors (2048K)
 Metaspace       used 117894K, capacity 121678K, committed 122268K, reserved 1155072K
  class space    used 15185K, capacity 16618K, committed 16920K, reserved 1048576K
}
Event: 659.075 GC heap before
{Heap before GC invocations=46 (full 0):
 garbage-first heap   total 242688K, used 214335K [0x0000000080000000, 0x0000000100000000)
  region size 1024K, 11 young (11264K), 2 survivors (2048K)
 Metaspace       used 117925K, capacity 121678K, committed 122268K, reserved 1155072K
  class space    used 15187K, capacity 16618K, committed 16920K, reserved 1048576K
}
Event: 659.085 GC heap after
{Heap after GC invocations=47 (full 0):
 garbage-first heap   total 242688K, used 210227K [0x0000000080000000, 0x0000000100000000)
  region size 1024K, 2 young (2048K), 2 survivors (2048K)
 Metaspace       used 117925K, capacity 121678K, committed 122268K, reserved 1155072K
  class space    used 15187K, capacity 16618K, committed 16920K, reserved 1048576K
}
Event: 659.126 GC heap before
{Heap before GC invocations=48 (full 0):
 garbage-first heap   total 242688K, used 220467K [0x0000000080000000, 0x0000000100000000)
  region size 1024K, 11 young (11264K), 2 survivors (2048K)
 Metaspace       used 117952K, capacity 121742K, committed 122268K, reserved 1155072K
  class space    used 15189K, capacity 16618K, committed 16920K, reserved 1048576K
}
Event: 659.138 GC heap after
{Heap after GC invocations=49 (full 0):
 garbage-first heap   total 242688K, used 214947K [0x0000000080000000, 0x0000000100000000)
  region size 1024K, 2 young (2048K), 2 survivors (2048K)
 Metaspace       used 117952K, capacity 121742K, committed 122268K, reserved 1155072K
  class space    used 15189K, capacity 16618K, committed 16920K, reserved 1048576K
}
Event: 659.174 GC heap before
{Heap before GC invocations=49 (full 0):
 garbage-first heap   total 242688K, used 224163K [0x0000000080000000, 0x0000000100000000)
  region size 1024K, 11 young (11264K), 2 survivors (2048K)
 Metaspace       used 117952K, capacity 121742K, committed 122268K, reserved 1155072K
  class space    used 15189K, capacity 16618K, committed 16920K, reserved 1048576K
}
Event: 659.187 GC heap after
{Heap after GC invocations=50 (full 0):
 garbage-first heap   total 242688K, used 217236K [0x0000000080000000, 0x0000000100000000)
  region size 1024K, 2 young (2048K), 2 survivors (2048K)
 Metaspace       used 117952K, capacity 121742K, committed 122268K, reserved 1155072K
  class space    used 15189K, capacity 16618K, committed 16920K, reserved 1048576K
}
Event: 659.223 GC heap before
{Heap before GC invocations=50 (full 0):
 garbage-first heap   total 242688K, used 225428K [0x0000000080000000, 0x0000000100000000)
  region size 1024K, 11 young (11264K), 2 survivors (2048K)
 Metaspace       used 117952K, capacity 121742K, committed 122268K, reserved 1155072K
  class space    used 15189K, capacity 16618K, committed 16920K, reserved 1048576K
}
Event: 659.235 GC heap after
{Heap after GC invocations=51 (full 0):
 garbage-first heap   total 242688K, used 221227K [0x0000000080000000, 0x0000000100000000)
  region size 1024K, 2 young (2048K), 2 survivors (2048K)
 Metaspace       used 117952K, capacity 121742K, committed 122268K, reserved 1155072K
  class space    used 15189K, capacity 16618K, committed 16920K, reserved 1048576K
}
Event: 659.275 GC heap before
{Heap before GC invocations=51 (full 0):
 garbage-first heap   total 242688K, used 230443K [0x0000000080000000, 0x0000000100000000)
  region size 1024K, 11 young (11264K), 2 survivors (2048K)
 Metaspace       used 117956K, capacity 121806K, committed 122524K, reserved 1155072K
  class space    used 15189K, capacity 16618K, committed 16920K, reserved 1048576K
}
Event: 659.289 GC heap after
{Heap after GC invocations=52 (full 0):
 garbage-first heap   total 435200K, used 224663K [0x0000000080000000, 0x0000000100000000)
  region size 1024K, 2 young (2048K), 2 survivors (2048K)
 Metaspace       used 117956K, capacity 121806K, committed 122524K, reserved 1155072K
  class space    used 15189K, capacity 16618K, committed 16920K, reserved 1048576K
}
Event: 659.662 GC heap before
{Heap before GC invocations=53 (full 0):
 garbage-first heap   total 435200K, used 283031K [0x0000000080000000, 0x0000000100000000)
  region size 1024K, 59 young (60416K), 2 survivors (2048K)
 Metaspace       used 118315K, capacity 122142K, committed 122780K, reserved 1155072K
  class space    used 15211K, capacity 16664K, committed 16920K, reserved 1048576K
}
Event: 659.702 GC heap after
{Heap after GC invocations=54 (full 0):
 garbage-first heap   total 435200K, used 254474K [0x0000000080000000, 0x0000000100000000)
  region size 1024K, 8 young (8192K), 8 survivors (8192K)
 Metaspace       used 118315K, capacity 122142K, committed 122780K, reserved 1155072K
  class space    used 15211K, capacity 16664K, committed 16920K, reserved 1048576K
}
Event: 659.852 GC heap before
{Heap before GC invocations=54 (full 0):
 garbage-first heap   total 435200K, used 305674K [0x0000000080000000, 0x0000000100000000)
  region size 1024K, 58 young (59392K), 8 survivors (8192K)
 Metaspace       used 118350K, capacity 122221K, committed 122780K, reserved 1155072K
  class space    used 15215K, capacity 16669K, committed 16920K, reserved 1048576K
}
Event: 659.898 GC heap after
{Heap after GC invocations=55 (full 0):
 garbage-first heap   total 435200K, used 282624K [0x0000000080000000, 0x0000000100000000)
  region size 1024K, 8 young (8192K), 8 survivors (8192K)
 Metaspace       used 118350K, capacity 122221K, committed 122780K, reserved 1155072K
  class space    used 15215K, capacity 16669K, committed 16920K, reserved 1048576K
}
Event: 660.053 GC heap before
{Heap before GC invocations=55 (full 0):
 garbage-first heap   total 435200K, used 323584K [0x0000000080000000, 0x0000000100000000)
  region size 1024K, 49 young (50176K), 8 survivors (8192K)
 Metaspace       used 118401K, capacity 122221K, committed 122780K, reserved 1155072K
  class space    used 15215K, capacity 16669K, committed 16920K, reserved 1048576K
}
Event: 660.089 GC heap after
{Heap after GC invocations=56 (full 0):
 garbage-first heap   total 435200K, used 307200K [0x0000000080000000, 0x0000000100000000)
  region size 1024K, 7 young (7168K), 7 survivors (7168K)
 Metaspace       used 118401K, capacity 122221K, committed 122780K, reserved 1155072K
  class space    used 15215K, capacity 16669K, committed 16920K, reserved 1048576K
}
Event: 660.176 GC heap before
{Heap before GC invocations=56 (full 0):
 garbage-first heap   total 435200K, used 340992K [0x0000000080000000, 0x0000000100000000)
  region size 1024K, 40 young (40960K), 7 survivors (7168K)
 Metaspace       used 118408K, capacity 122221K, committed 122780K, reserved 1155072K
  class space    used 15215K, capacity 16669K, committed 16920K, reserved 1048576K
}

