# JRE version: OpenJDK Runtime Environment (11.0.13) (build 11.0.13+0-b1751.21-8125866)
# Java VM: OpenJDK 64-Bit Server VM (11.0.13+0-b1751.21-8125866, mixed mode, tiered, compressed oops, g1 gc, windows-amd64)
Heap:
 garbage-first heap   total 354304K, used 282112K [0x0000000080000000, 0x0000000100000000)
  region size 1024K, 35 young (35840K), 6 survivors (6144K)
 Metaspace       used 99743K, capacity 102299K, committed 102556K, reserved 1138688K
  class space    used 12992K, capacity 13998K, committed 14104K, reserved 1048576K
GC Heap History (20 events):
Event: 10.692 GC heap before
{Heap before GC invocations=20 (full 0):
 garbage-first heap   total 187392K, used 148872K [0x0000000080000000, 0x0000000100000000)
  region size 1024K, 72 young (73728K), 5 survivors (5120K)
 Metaspace       used 87721K, capacity 90133K, committed 90268K, reserved 1128448K
  class space    used 11302K, capacity 12229K, committed 12312K, reserved 1048576K
}
Event: 10.704 GC heap after
{Heap after GC invocations=21 (full 0):
 garbage-first heap   total 187392K, used 86315K [0x0000000080000000, 0x0000000100000000)
  region size 1024K, 6 young (6144K), 6 survivors (6144K)
 Metaspace       used 87721K, capacity 90133K, committed 90268K, reserved 1128448K
  class space    used 11302K, capacity 12229K, committed 12312K, reserved 1048576K
}
Event: 10.933 GC heap before
{Heap before GC invocations=21 (full 0):
 garbage-first heap   total 187392K, used 150827K [0x0000000080000000, 0x0000000100000000)
  region size 1024K, 70 young (71680K), 6 survivors (6144K)
 Metaspace       used 88820K, capacity 91263K, committed 91420K, reserved 1128448K
  class space    used 11437K, capacity 12358K, committed 12440K, reserved 1048576K
}
Event: 10.941 GC heap after
{Heap after GC invocations=22 (full 0):
 garbage-first heap   total 225280K, used 89963K [0x0000000080000000, 0x0000000100000000)
  region size 1024K, 4 young (4096K), 4 survivors (4096K)
 Metaspace       used 88820K, capacity 91263K, committed 91420K, reserved 1128448K
  class space    used 11437K, capacity 12358K, committed 12440K, reserved 1048576K
}
Event: 11.276 GC heap before
{Heap before GC invocations=22 (full 0):
 garbage-first heap   total 225280K, used 164715K [0x0000000080000000, 0x0000000100000000)
  region size 1024K, 65 young (66560K), 4 survivors (4096K)
 Metaspace       used 91188K, capacity 93583K, committed 93724K, reserved 1130496K
  class space    used 11736K, capacity 12657K, committed 12696K, reserved 1048576K
}
Event: 11.284 GC heap after
{Heap after GC invocations=23 (full 0):
 garbage-first heap   total 225280K, used 111321K [0x0000000080000000, 0x0000000100000000)
  region size 1024K, 11 young (11264K), 11 survivors (11264K)
 Metaspace       used 91188K, capacity 93583K, committed 93724K, reserved 1130496K
  class space    used 11736K, capacity 12657K, committed 12696K, reserved 1048576K
}
Event: 11.604 GC heap before
{Heap before GC invocations=24 (full 0):
 garbage-first heap   total 225280K, used 139993K [0x0000000080000000, 0x0000000100000000)
  region size 1024K, 37 young (37888K), 11 survivors (11264K)
 Metaspace       used 94570K, capacity 96825K, committed 97308K, reserved 1134592K
  class space    used 12132K, capacity 12993K, committed 13208K, reserved 1048576K
}
Event: 11.613 GC heap after
{Heap after GC invocations=25 (full 0):
 garbage-first heap   total 225280K, used 117927K [0x0000000080000000, 0x0000000100000000)
  region size 1024K, 4 young (4096K), 4 survivors (4096K)
 Metaspace       used 94570K, capacity 96825K, committed 97308K, reserved 1134592K
  class space    used 12132K, capacity 12993K, committed 13208K, reserved 1048576K
}
Event: 11.837 GC heap before
{Heap before GC invocations=26 (full 0):
 garbage-first heap   total 225280K, used 213159K [0x0000000080000000, 0x0000000100000000)
  region size 1024K, 56 young (57344K), 4 survivors (4096K)
 Metaspace       used 94906K, capacity 97199K, committed 97820K, reserved 1134592K
  class space    used 12168K, capacity 13032K, committed 13208K, reserved 1048576K
}
Event: 11.880 GC heap after
{Heap after GC invocations=27 (full 0):
 garbage-first heap   total 238592K, used 153864K [0x0000000080000000, 0x0000000100000000)
  region size 1024K, 9 young (9216K), 9 survivors (9216K)
 Metaspace       used 94906K, capacity 97199K, committed 97820K, reserved 1134592K
  class space    used 12168K, capacity 13032K, committed 13208K, reserved 1048576K
}
Event: 12.085 GC heap before
{Heap before GC invocations=28 (full 0):
 garbage-first heap   total 238592K, used 192776K [0x0000000080000000, 0x0000000100000000)
  region size 1024K, 46 young (47104K), 9 survivors (9216K)
 Metaspace       used 95468K, capacity 97775K, committed 98204K, reserved 1134592K
  class space    used 12261K, capacity 13144K, committed 13336K, reserved 1048576K
}
Event: 12.117 GC heap after
{Heap after GC invocations=29 (full 0):
 garbage-first heap   total 238592K, used 169853K [0x0000000080000000, 0x0000000100000000)
  region size 1024K, 6 young (6144K), 6 survivors (6144K)
 Metaspace       used 95468K, capacity 97775K, committed 98204K, reserved 1134592K
  class space    used 12261K, capacity 13144K, committed 13336K, reserved 1048576K
}
Event: 12.324 GC heap before
{Heap before GC invocations=29 (full 0):
 garbage-first heap   total 238592K, used 195453K [0x0000000080000000, 0x0000000100000000)
  region size 1024K, 31 young (31744K), 6 survivors (6144K)
 Metaspace       used 97318K, capacity 99815K, committed 100124K, reserved 1136640K
  class space    used 12672K, capacity 13649K, committed 13720K, reserved 1048576K
}
Event: 12.344 GC heap after
{Heap after GC invocations=30 (full 0):
 garbage-first heap   total 354304K, used 180196K [0x0000000080000000, 0x0000000100000000)
  region size 1024K, 4 young (4096K), 4 survivors (4096K)
 Metaspace       used 97318K, capacity 99815K, committed 100124K, reserved 1136640K
  class space    used 12672K, capacity 13649K, committed 13720K, reserved 1048576K
}
Event: 12.537 GC heap before
{Heap before GC invocations=30 (full 0):
 garbage-first heap   total 354304K, used 240612K [0x0000000080000000, 0x0000000100000000)
  region size 1024K, 64 young (65536K), 4 survivors (4096K)
 Metaspace       used 97424K, capacity 99884K, committed 100124K, reserved 1136640K
  class space    used 12680K, capacity 13649K, committed 13720K, reserved 1048576K
}
Event: 12.567 GC heap after
{Heap after GC invocations=31 (full 0):
 garbage-first heap   total 354304K, used 212255K [0x0000000080000000, 0x0000000100000000)
  region size 1024K, 8 young (8192K), 8 survivors (8192K)
 Metaspace       used 97424K, capacity 99884K, committed 100124K, reserved 1136640K
  class space    used 12680K, capacity 13649K, committed 13720K, reserved 1048576K
}
Event: 12.767 GC heap before
{Heap before GC invocations=32 (full 0):
 garbage-first heap   total 354304K, used 259359K [0x0000000080000000, 0x0000000100000000)
  region size 1024K, 55 young (56320K), 8 survivors (8192K)
 Metaspace       used 97437K, capacity 99886K, committed 100124K, reserved 1136640K
  class space    used 12683K, capacity 13649K, committed 13720K, reserved 1048576K
}
Event: 12.797 GC heap after
{Heap after GC invocations=33 (full 0):
 garbage-first heap   total 354304K, used 238080K [0x0000000080000000, 0x0000000100000000)
  region size 1024K, 7 young (7168K), 7 survivors (7168K)
 Metaspace       used 97437K, capacity 99886K, committed 100124K, reserved 1136640K
  class space    used 12683K, capacity 13649K, committed 13720K, reserved 1048576K
}
Event: 13.131 GC heap before
{Heap before GC invocations=33 (full 0):
 garbage-first heap   total 354304K, used 273920K [0x0000000080000000, 0x0000000100000000)
  region size 1024K, 43 young (44032K), 7 survivors (7168K)
 Metaspace       used 99413K, capacity 101959K, committed 102172K, reserved 1138688K
  class space    used 12950K, capacity 13931K, committed 13976K, reserved 1048576K
}
Event: 13.158 GC heap after
{Heap after GC invocations=34 (full 0):
 garbage-first heap   total 354304K, used 253440K [0x0000000080000000, 0x0000000100000000)
  region size 1024K, 6 young (6144K), 6 survivors (6144K)
 Metaspace       used 99413K, capacity 101959K, committed 102172K, reserved 1138688K
  class space    used 12950K, capacity 13931K, committed 13976K, reserved 1048576K
}

