# JRE version: OpenJDK Runtime Environment (11.0.13) (build 11.0.13+0-b1751.21-8125866)
# Java VM: OpenJDK 64-Bit Server VM (11.0.13+0-b1751.21-8125866, mixed mode, tiered, compressed oops, g1 gc, windows-amd64)
Heap:
 garbage-first heap   total 610304K, used 277095K [0x0000000080000000, 0x0000000100000000)
  region size 1024K, 2 young (2048K), 2 survivors (2048K)
 Metaspace       used 122920K, capacity 127105K, committed 128272K, reserved 1159168K
  class space    used 15463K, capacity 17058K, committed 17864K, reserved 1048576K
GC Heap History (20 events):
Event: 2590.528 GC heap after
{Heap after GC invocations=87 (full 0):
 garbage-first heap   total 247808K, used 236327K [0x0000000080000000, 0x0000000100000000)
  region size 1024K, 2 young (2048K), 2 survivors (2048K)
 Metaspace       used 122843K, capacity 127098K, committed 128272K, reserved 1159168K
  class space    used 15461K, capacity 17060K, committed 17864K, reserved 1048576K
}
Event: 2590.550 GC heap before
{Heap before GC invocations=88 (full 0):
 garbage-first heap   total 247808K, used 246567K [0x0000000080000000, 0x0000000100000000)
  region size 1024K, 12 young (12288K), 2 survivors (2048K)
 Metaspace       used 122843K, capacity 127098K, committed 128272K, reserved 1159168K
  class space    used 15461K, capacity 17060K, committed 17864K, reserved 1048576K
}
Event: 2590.559 GC heap after
{Heap after GC invocations=89 (full 0):
 garbage-first heap   total 254976K, used 241998K [0x0000000080000000, 0x0000000100000000)
  region size 1024K, 2 young (2048K), 2 survivors (2048K)
 Metaspace       used 122843K, capacity 127098K, committed 128272K, reserved 1159168K
  class space    used 15461K, capacity 17060K, committed 17864K, reserved 1048576K
}
Event: 2590.579 GC heap before
{Heap before GC invocations=89 (full 0):
 garbage-first heap   total 254976K, used 252238K [0x0000000080000000, 0x0000000100000000)
  region size 1024K, 12 young (12288K), 2 survivors (2048K)
 Metaspace       used 122844K, capacity 127098K, committed 128272K, reserved 1159168K
  class space    used 15461K, capacity 17060K, committed 17864K, reserved 1048576K
}
Event: 2590.599 GC heap after
{Heap after GC invocations=90 (full 0):
 garbage-first heap   total 265216K, used 244316K [0x0000000080000000, 0x0000000100000000)
  region size 1024K, 2 young (2048K), 2 survivors (2048K)
 Metaspace       used 122844K, capacity 127098K, committed 128272K, reserved 1159168K
  class space    used 15461K, capacity 17060K, committed 17864K, reserved 1048576K
}
Event: 2590.620 GC heap before
{Heap before GC invocations=90 (full 0):
 garbage-first heap   total 265216K, used 254556K [0x0000000080000000, 0x0000000100000000)
  region size 1024K, 12 young (12288K), 2 survivors (2048K)
 Metaspace       used 122844K, capacity 127098K, committed 128272K, reserved 1159168K
  class space    used 15461K, capacity 17060K, committed 17864K, reserved 1048576K
}
Event: 2590.632 GC heap after
{Heap after GC invocations=91 (full 0):
 garbage-first heap   total 265216K, used 250068K [0x0000000080000000, 0x0000000100000000)
  region size 1024K, 2 young (2048K), 2 survivors (2048K)
 Metaspace       used 122844K, capacity 127098K, committed 128272K, reserved 1159168K
  class space    used 15461K, capacity 17060K, committed 17864K, reserved 1048576K
}
Event: 2590.662 GC heap before
{Heap before GC invocations=91 (full 0):
 garbage-first heap   total 265216K, used 260308K [0x0000000080000000, 0x0000000100000000)
  region size 1024K, 12 young (12288K), 2 survivors (2048K)
 Metaspace       used 122844K, capacity 127098K, committed 128272K, reserved 1159168K
  class space    used 15461K, capacity 17060K, committed 17864K, reserved 1048576K
}
Event: 2590.668 GC heap after
{Heap after GC invocations=92 (full 0):
 garbage-first heap   total 268288K, used 255848K [0x0000000080000000, 0x0000000100000000)
  region size 1024K, 2 young (2048K), 2 survivors (2048K)
 Metaspace       used 122844K, capacity 127098K, committed 128272K, reserved 1159168K
  class space    used 15461K, capacity 17060K, committed 17864K, reserved 1048576K
}
Event: 2590.696 GC heap before
{Heap before GC invocations=92 (full 0):
 garbage-first heap   total 268288K, used 266088K [0x0000000080000000, 0x0000000100000000)
  region size 1024K, 13 young (13312K), 2 survivors (2048K)
 Metaspace       used 122845K, capacity 127098K, committed 128272K, reserved 1159168K
  class space    used 15461K, capacity 17060K, committed 17864K, reserved 1048576K
}
Event: 2590.704 GC heap after
{Heap after GC invocations=93 (full 0):
 garbage-first heap   total 275456K, used 262144K [0x0000000080000000, 0x0000000100000000)
  region size 1024K, 2 young (2048K), 2 survivors (2048K)
 Metaspace       used 122845K, capacity 127098K, committed 128272K, reserved 1159168K
  class space    used 15461K, capacity 17060K, committed 17864K, reserved 1048576K
}
Event: 2590.739 GC heap before
{Heap before GC invocations=93 (full 0):
 garbage-first heap   total 275456K, used 273408K [0x0000000080000000, 0x0000000100000000)
  region size 1024K, 13 young (13312K), 2 survivors (2048K)
 Metaspace       used 122845K, capacity 127098K, committed 128272K, reserved 1159168K
  class space    used 15461K, capacity 17060K, committed 17864K, reserved 1048576K
}
Event: 2590.748 GC heap after
{Heap after GC invocations=94 (full 0):
 garbage-first heap   total 281600K, used 268200K [0x0000000080000000, 0x0000000100000000)
  region size 1024K, 2 young (2048K), 2 survivors (2048K)
 Metaspace       used 122845K, capacity 127098K, committed 128272K, reserved 1159168K
  class space    used 15461K, capacity 17060K, committed 17864K, reserved 1048576K
}
Event: 2592.808 GC heap before
{Heap before GC invocations=94 (full 0):
 garbage-first heap   total 281600K, used 279464K [0x0000000080000000, 0x0000000100000000)
  region size 1024K, 13 young (13312K), 2 survivors (2048K)
 Metaspace       used 122905K, capacity 127104K, committed 128272K, reserved 1159168K
  class space    used 15463K, capacity 17058K, committed 17864K, reserved 1048576K
}
Event: 2592.819 GC heap after
{Heap after GC invocations=95 (full 0):
 garbage-first heap   total 286720K, used 273179K [0x0000000080000000, 0x0000000100000000)
  region size 1024K, 2 young (2048K), 2 survivors (2048K)
 Metaspace       used 122905K, capacity 127104K, committed 128272K, reserved 1159168K
  class space    used 15463K, capacity 17058K, committed 17864K, reserved 1048576K
}
Event: 2592.860 GC heap before
{Heap before GC invocations=95 (full 0):
 garbage-first heap   total 286720K, used 284443K [0x0000000080000000, 0x0000000100000000)
  region size 1024K, 14 young (14336K), 2 survivors (2048K)
 Metaspace       used 122910K, capacity 127105K, committed 128272K, reserved 1159168K
  class space    used 15463K, capacity 17058K, committed 17864K, reserved 1048576K
}
Event: 2592.875 GC heap after
{Heap after GC invocations=96 (full 0):
 garbage-first heap   total 291840K, used 276876K [0x0000000080000000, 0x0000000100000000)
  region size 1024K, 2 young (2048K), 2 survivors (2048K)
 Metaspace       used 122910K, capacity 127105K, committed 128272K, reserved 1159168K
  class space    used 15463K, capacity 17058K, committed 17864K, reserved 1048576K
}
Event: 2592.903 GC heap before
{Heap before GC invocations=97 (full 0):
 garbage-first heap   total 291840K, used 289164K [0x0000000080000000, 0x0000000100000000)
  region size 1024K, 14 young (14336K), 2 survivors (2048K)
 Metaspace       used 122910K, capacity 127105K, committed 128272K, reserved 1159168K
  class space    used 15463K, capacity 17058K, committed 17864K, reserved 1048576K
}
Event: 2592.914 GC heap after
{Heap after GC invocations=98 (full 0):
 garbage-first heap   total 294912K, used 280059K [0x0000000080000000, 0x0000000100000000)
  region size 1024K, 2 young (2048K), 2 survivors (2048K)
 Metaspace       used 122910K, capacity 127105K, committed 128272K, reserved 1159168K
  class space    used 15463K, capacity 17058K, committed 17864K, reserved 1048576K
}
Event: 2592.956 GC heap before
{Heap before GC invocations=98 (full 0):
 garbage-first heap   total 294912K, used 291323K [0x0000000080000000, 0x0000000100000000)
  region size 1024K, 14 young (14336K), 2 survivors (2048K)
 Metaspace       used 122920K, capacity 127105K, committed 128272K, reserved 1159168K
  class space    used 15463K, capacity 17058K, committed 17864K, reserved 1048576K
}

