# JRE version: OpenJDK Runtime Environment (11.0.13) (build 11.0.13+0-b1751.21-8125866)
# Java VM: OpenJDK 64-Bit Server VM (11.0.13+0-b1751.21-8125866, mixed mode, tiered, compressed oops, g1 gc, windows-amd64)
Heap:
 garbage-first heap   total 453632K, used 219363K [0x0000000080000000, 0x0000000100000000)
  region size 1024K, 2 young (2048K), 2 survivors (2048K)
 Metaspace       used 108464K, capacity 111183K, committed 111312K, reserved 1146880K
  class space    used 13575K, capacity 14546K, committed 14668K, reserved 1048576K
GC Heap History (20 events):
Event: 72.580 GC heap after
{Heap after GC invocations=55 (full 0):
 garbage-first heap   total 225280K, used 122181K [0x0000000080000000, 0x0000000100000000)
  region size 1024K, 5 young (5120K), 5 survivors (5120K)
 Metaspace       used 105337K, capacity 108022K, committed 108240K, reserved 1142784K
  class space    used 13169K, capacity 14130K, committed 14156K, reserved 1048576K
}
Event: 73.075 GC heap before
{Heap before GC invocations=56 (full 0):
 garbage-first heap   total 229376K, used 226629K [0x0000000080000000, 0x0000000100000000)
  region size 1024K, 39 young (39936K), 5 survivors (5120K)
 Metaspace       used 108217K, capacity 110893K, committed 110928K, reserved 1146880K
  class space    used 13553K, capacity 14513K, committed 14540K, reserved 1048576K
}
Event: 73.084 GC heap after
{Heap after GC invocations=57 (full 0):
 garbage-first heap   total 242688K, used 173882K [0x0000000080000000, 0x0000000100000000)
  region size 1024K, 6 young (6144K), 6 survivors (6144K)
 Metaspace       used 108217K, capacity 110893K, committed 110928K, reserved 1146880K
  class space    used 13553K, capacity 14513K, committed 14540K, reserved 1048576K
}
Event: 73.088 GC heap before
{Heap before GC invocations=57 (full 0):
 garbage-first heap   total 242688K, used 187194K [0x0000000080000000, 0x0000000100000000)
  region size 1024K, 11 young (11264K), 6 survivors (6144K)
 Metaspace       used 108218K, capacity 110893K, committed 110928K, reserved 1146880K
  class space    used 13553K, capacity 14513K, committed 14540K, reserved 1048576K
}
Event: 73.095 GC heap after
{Heap after GC invocations=58 (full 0):
 garbage-first heap   total 242688K, used 172191K [0x0000000080000000, 0x0000000100000000)
  region size 1024K, 2 young (2048K), 2 survivors (2048K)
 Metaspace       used 108218K, capacity 110893K, committed 110928K, reserved 1146880K
  class space    used 13553K, capacity 14513K, committed 14540K, reserved 1048576K
}
Event: 73.211 GC heap before
{Heap before GC invocations=58 (full 0):
 garbage-first heap   total 242688K, used 210079K [0x0000000080000000, 0x0000000100000000)
  region size 1024K, 25 young (25600K), 2 survivors (2048K)
 Metaspace       used 108462K, capacity 111125K, committed 111312K, reserved 1146880K
  class space    used 13576K, capacity 14547K, committed 14668K, reserved 1048576K
}
Event: 73.225 GC heap after
{Heap after GC invocations=59 (full 0):
 garbage-first heap   total 242688K, used 188376K [0x0000000080000000, 0x0000000100000000)
  region size 1024K, 4 young (4096K), 4 survivors (4096K)
 Metaspace       used 108462K, capacity 111125K, committed 111312K, reserved 1146880K
  class space    used 13576K, capacity 14547K, committed 14668K, reserved 1048576K
}
Event: 73.255 GC heap before
{Heap before GC invocations=59 (full 0):
 garbage-first heap   total 242688K, used 195544K [0x0000000080000000, 0x0000000100000000)
  region size 1024K, 12 young (12288K), 4 survivors (4096K)
 Metaspace       used 108464K, capacity 111125K, committed 111312K, reserved 1146880K
  class space    used 13576K, capacity 14547K, committed 14668K, reserved 1048576K
}
Event: 73.266 GC heap after
{Heap after GC invocations=60 (full 0):
 garbage-first heap   total 242688K, used 192103K [0x0000000080000000, 0x0000000100000000)
  region size 1024K, 3 young (3072K), 3 survivors (3072K)
 Metaspace       used 108464K, capacity 111125K, committed 111312K, reserved 1146880K
  class space    used 13576K, capacity 14547K, committed 14668K, reserved 1048576K
}
Event: 73.334 GC heap before
{Heap before GC invocations=60 (full 0):
 garbage-first heap   total 242688K, used 205415K [0x0000000080000000, 0x0000000100000000)
  region size 1024K, 14 young (14336K), 3 survivors (3072K)
 Metaspace       used 108465K, capacity 111125K, committed 111312K, reserved 1146880K
  class space    used 13576K, capacity 14547K, committed 14668K, reserved 1048576K
}
Event: 73.347 GC heap after
{Heap after GC invocations=61 (full 0):
 garbage-first heap   total 242688K, used 199359K [0x0000000080000000, 0x0000000100000000)
  region size 1024K, 2 young (2048K), 2 survivors (2048K)
 Metaspace       used 108465K, capacity 111125K, committed 111312K, reserved 1146880K
  class space    used 13576K, capacity 14547K, committed 14668K, reserved 1048576K
}
Event: 73.398 GC heap before
{Heap before GC invocations=61 (full 0):
 garbage-first heap   total 242688K, used 207551K [0x0000000080000000, 0x0000000100000000)
  region size 1024K, 11 young (11264K), 2 survivors (2048K)
 Metaspace       used 108468K, capacity 111189K, committed 111312K, reserved 1146880K
  class space    used 13576K, capacity 14547K, committed 14668K, reserved 1048576K
}
Event: 73.408 GC heap after
{Heap after GC invocations=62 (full 0):
 garbage-first heap   total 242688K, used 203123K [0x0000000080000000, 0x0000000100000000)
  region size 1024K, 2 young (2048K), 2 survivors (2048K)
 Metaspace       used 108468K, capacity 111189K, committed 111312K, reserved 1146880K
  class space    used 13576K, capacity 14547K, committed 14668K, reserved 1048576K
}
Event: 73.473 GC heap before
{Heap before GC invocations=62 (full 0):
 garbage-first heap   total 242688K, used 213363K [0x0000000080000000, 0x0000000100000000)
  region size 1024K, 11 young (11264K), 2 survivors (2048K)
 Metaspace       used 108464K, capacity 111183K, committed 111312K, reserved 1146880K
  class space    used 13575K, capacity 14546K, committed 14668K, reserved 1048576K
}
Event: 73.486 GC heap after
{Heap after GC invocations=63 (full 0):
 garbage-first heap   total 242688K, used 208225K [0x0000000080000000, 0x0000000100000000)
  region size 1024K, 2 young (2048K), 2 survivors (2048K)
 Metaspace       used 108464K, capacity 111183K, committed 111312K, reserved 1146880K
  class space    used 13575K, capacity 14546K, committed 14668K, reserved 1048576K
}
Event: 73.527 GC heap before
{Heap before GC invocations=63 (full 0):
 garbage-first heap   total 242688K, used 216417K [0x0000000080000000, 0x0000000100000000)
  region size 1024K, 11 young (11264K), 2 survivors (2048K)
 Metaspace       used 108464K, capacity 111183K, committed 111312K, reserved 1146880K
  class space    used 13575K, capacity 14546K, committed 14668K, reserved 1048576K
}
Event: 73.539 GC heap after
{Heap after GC invocations=64 (full 0):
 garbage-first heap   total 242688K, used 212246K [0x0000000080000000, 0x0000000100000000)
  region size 1024K, 2 young (2048K), 2 survivors (2048K)
 Metaspace       used 108464K, capacity 111183K, committed 111312K, reserved 1146880K
  class space    used 13575K, capacity 14546K, committed 14668K, reserved 1048576K
}
Event: 73.579 GC heap before
{Heap before GC invocations=65 (full 0):
 garbage-first heap   total 242688K, used 220438K [0x0000000080000000, 0x0000000100000000)
  region size 1024K, 11 young (11264K), 2 survivors (2048K)
 Metaspace       used 108464K, capacity 111183K, committed 111312K, reserved 1146880K
  class space    used 13575K, capacity 14546K, committed 14668K, reserved 1048576K
}
Event: 73.590 GC heap after
{Heap after GC invocations=66 (full 0):
 garbage-first heap   total 242688K, used 215882K [0x0000000080000000, 0x0000000100000000)
  region size 1024K, 2 young (2048K), 2 survivors (2048K)
 Metaspace       used 108464K, capacity 111183K, committed 111312K, reserved 1146880K
  class space    used 13575K, capacity 14546K, committed 14668K, reserved 1048576K
}
Event: 73.628 GC heap before
{Heap before GC invocations=66 (full 0):
 garbage-first heap   total 242688K, used 226122K [0x0000000080000000, 0x0000000100000000)
  region size 1024K, 11 young (11264K), 2 survivors (2048K)
 Metaspace       used 108464K, capacity 111183K, committed 111312K, reserved 1146880K
  class space    used 13575K, capacity 14546K, committed 14668K, reserved 1048576K
}

