# JRE version: OpenJDK Runtime Environment (11.0.13) (build 11.0.13+0-b1751.21-8125866)
# Java VM: OpenJDK 64-Bit Server VM (11.0.13+0-b1751.21-8125866, mixed mode, tiered, compressed oops, g1 gc, windows-amd64)
Heap:
 garbage-first heap   total 658432K, used 334848K [0x0000000080000000, 0x0000000100000000)
  region size 1024K, 5 young (5120K), 5 survivors (5120K)
 Metaspace       used 99429K, capacity 101965K, committed 102172K, reserved 1138688K
  class space    used 12902K, capacity 13875K, committed 13976K, reserved 1048576K
GC Heap History (20 events):
Event: 14.349 GC heap after
{Heap after GC invocations=31 (full 0):
 garbage-first heap   total 243712K, used 171008K [0x0000000080000000, 0x0000000100000000)
  region size 1024K, 6 young (6144K), 6 survivors (6144K)
 Metaspace       used 96843K, capacity 99249K, committed 99868K, reserved 1136640K
  class space    used 12390K, capacity 13275K, committed 13464K, reserved 1048576K
}
Event: 14.543 GC heap before
{Heap before GC invocations=31 (full 0):
 garbage-first heap   total 243712K, used 197632K [0x0000000080000000, 0x0000000100000000)
  region size 1024K, 30 young (30720K), 6 survivors (6144K)
 Metaspace       used 96894K, capacity 99249K, committed 99868K, reserved 1136640K
  class space    used 12401K, capacity 13277K, committed 13464K, reserved 1048576K
}
Event: 14.566 GC heap after
{Heap after GC invocations=32 (full 0):
 garbage-first heap   total 243712K, used 184288K [0x0000000080000000, 0x0000000100000000)
  region size 1024K, 4 young (4096K), 4 survivors (4096K)
 Metaspace       used 96894K, capacity 99249K, committed 99868K, reserved 1136640K
  class space    used 12401K, capacity 13277K, committed 13464K, reserved 1048576K
}
Event: 14.627 GC heap before
{Heap before GC invocations=33 (full 0):
 garbage-first heap   total 243712K, used 189408K [0x0000000080000000, 0x0000000100000000)
  region size 1024K, 10 young (10240K), 4 survivors (4096K)
 Metaspace       used 96945K, capacity 99361K, committed 99868K, reserved 1136640K
  class space    used 12410K, capacity 13314K, committed 13464K, reserved 1048576K
}
Event: 14.642 GC heap after
{Heap after GC invocations=34 (full 0):
 garbage-first heap   total 292864K, used 187698K [0x0000000080000000, 0x0000000100000000)
  region size 1024K, 3 young (3072K), 3 survivors (3072K)
 Metaspace       used 96945K, capacity 99361K, committed 99868K, reserved 1136640K
  class space    used 12410K, capacity 13314K, committed 13464K, reserved 1048576K
}
Event: 14.843 GC heap before
{Heap before GC invocations=34 (full 0):
 garbage-first heap   total 292864K, used 216370K [0x0000000080000000, 0x0000000100000000)
  region size 1024K, 32 young (32768K), 3 survivors (3072K)
 Metaspace       used 96945K, capacity 99361K, committed 99868K, reserved 1136640K
  class space    used 12410K, capacity 13314K, committed 13464K, reserved 1048576K
}
Event: 14.871 GC heap after
{Heap after GC invocations=35 (full 0):
 garbage-first heap   total 292864K, used 199680K [0x0000000080000000, 0x0000000100000000)
  region size 1024K, 4 young (4096K), 4 survivors (4096K)
 Metaspace       used 96945K, capacity 99361K, committed 99868K, reserved 1136640K
  class space    used 12410K, capacity 13314K, committed 13464K, reserved 1048576K
}
Event: 16.693 GC heap before
{Heap before GC invocations=36 (full 0):
 garbage-first heap   total 292864K, used 227328K [0x0000000080000000, 0x0000000100000000)
  region size 1024K, 30 young (30720K), 4 survivors (4096K)
 Metaspace       used 99295K, capacity 101826K, committed 102172K, reserved 1138688K
  class space    used 12900K, capacity 13875K, committed 13976K, reserved 1048576K
}
Event: 16.713 GC heap after
{Heap after GC invocations=37 (full 0):
 garbage-first heap   total 292864K, used 212226K [0x0000000080000000, 0x0000000100000000)
  region size 1024K, 4 young (4096K), 4 survivors (4096K)
 Metaspace       used 99295K, capacity 101826K, committed 102172K, reserved 1138688K
  class space    used 12900K, capacity 13875K, committed 13976K, reserved 1048576K
}
Event: 16.786 GC heap before
{Heap before GC invocations=37 (full 0):
 garbage-first heap   total 292864K, used 233730K [0x0000000080000000, 0x0000000100000000)
  region size 1024K, 26 young (26624K), 4 survivors (4096K)
 Metaspace       used 99344K, capacity 101892K, committed 102172K, reserved 1138688K
  class space    used 12900K, capacity 13875K, committed 13976K, reserved 1048576K
}
Event: 16.807 GC heap after
{Heap after GC invocations=38 (full 0):
 garbage-first heap   total 292864K, used 225184K [0x0000000080000000, 0x0000000100000000)
  region size 1024K, 4 young (4096K), 4 survivors (4096K)
 Metaspace       used 99344K, capacity 101892K, committed 102172K, reserved 1138688K
  class space    used 12900K, capacity 13875K, committed 13976K, reserved 1048576K
}
Event: 16.862 GC heap before
{Heap before GC invocations=38 (full 0):
 garbage-first heap   total 292864K, used 240544K [0x0000000080000000, 0x0000000100000000)
  region size 1024K, 20 young (20480K), 4 survivors (4096K)
 Metaspace       used 99347K, capacity 101892K, committed 102172K, reserved 1138688K
  class space    used 12900K, capacity 13875K, committed 13976K, reserved 1048576K
}
Event: 16.879 GC heap after
{Heap after GC invocations=39 (full 0):
 garbage-first heap   total 434176K, used 234773K [0x0000000080000000, 0x0000000100000000)
  region size 1024K, 3 young (3072K), 3 survivors (3072K)
 Metaspace       used 99347K, capacity 101892K, committed 102172K, reserved 1138688K
  class space    used 12900K, capacity 13875K, committed 13976K, reserved 1048576K
}
Event: 17.164 GC heap before
{Heap before GC invocations=39 (full 0):
 garbage-first heap   total 434176K, used 290069K [0x0000000080000000, 0x0000000100000000)
  region size 1024K, 58 young (59392K), 3 survivors (3072K)
 Metaspace       used 99413K, capacity 101963K, committed 102172K, reserved 1138688K
  class space    used 12900K, capacity 13875K, committed 13976K, reserved 1048576K
}
Event: 17.203 GC heap after
{Heap after GC invocations=40 (full 0):
 garbage-first heap   total 434176K, used 264938K [0x0000000080000000, 0x0000000100000000)
  region size 1024K, 8 young (8192K), 8 survivors (8192K)
 Metaspace       used 99413K, capacity 101963K, committed 102172K, reserved 1138688K
  class space    used 12900K, capacity 13875K, committed 13976K, reserved 1048576K
}
Event: 17.361 GC heap before
{Heap before GC invocations=41 (full 0):
 garbage-first heap   total 434176K, used 313066K [0x0000000080000000, 0x0000000100000000)
  region size 1024K, 55 young (56320K), 8 survivors (8192K)
 Metaspace       used 99424K, capacity 101965K, committed 102172K, reserved 1138688K
  class space    used 12901K, capacity 13875K, committed 13976K, reserved 1048576K
}
Event: 17.390 GC heap after
{Heap after GC invocations=42 (full 0):
 garbage-first heap   total 434176K, used 292352K [0x0000000080000000, 0x0000000100000000)
  region size 1024K, 7 young (7168K), 7 survivors (7168K)
 Metaspace       used 99424K, capacity 101965K, committed 102172K, reserved 1138688K
  class space    used 12901K, capacity 13875K, committed 13976K, reserved 1048576K
}
Event: 17.461 GC heap before
{Heap before GC invocations=42 (full 0):
 garbage-first heap   total 434176K, used 332288K [0x0000000080000000, 0x0000000100000000)
  region size 1024K, 46 young (47104K), 7 survivors (7168K)
 Metaspace       used 99426K, capacity 101965K, committed 102172K, reserved 1138688K
  class space    used 12901K, capacity 13875K, committed 13976K, reserved 1048576K
}
Event: 17.491 GC heap after
{Heap after GC invocations=43 (full 0):
 garbage-first heap   total 434176K, used 315904K [0x0000000080000000, 0x0000000100000000)
  region size 1024K, 6 young (6144K), 6 survivors (6144K)
 Metaspace       used 99426K, capacity 101965K, committed 102172K, reserved 1138688K
  class space    used 12901K, capacity 13875K, committed 13976K, reserved 1048576K
}
Event: 17.594 GC heap before
{Heap before GC invocations=43 (full 0):
 garbage-first heap   total 434176K, used 346624K [0x0000000080000000, 0x0000000100000000)
  region size 1024K, 36 young (36864K), 6 survivors (6144K)
 Metaspace       used 99429K, capacity 101965K, committed 102172K, reserved 1138688K
  class space    used 12902K, capacity 13875K, committed 13976K, reserved 1048576K
}

